# JRE version: OpenJDK Runtime Environment (17.0.6) (build 17.0.6+0-b2043.56-10027231)
# Java VM: OpenJDK 64-Bit Server VM (17.0.6+0-b2043.56-10027231, mixed mode, tiered, compressed oops, compressed class ptrs, g1 gc, windows-amd64)
GC Precious Log:
 CPUs: 2 total, 2 available
 Memory: 11680M
 Large Page Support: Disabled
 NUMA Support: Disabled
 Compressed Oops: Enabled (32-bit)
 Heap Region Size: 1M
 Heap Min Capacity: 8M
 Heap Initial Capacity: 184M
 Heap Max Capacity: 2G
 Pre-touch: Disabled
 Parallel Workers: 2
 Concurrent Workers: 1
 Concurrent Refinement Workers: 2
 Periodic GC: Disabled
Heap:
 garbage-first heap   total 460800K, used 249344K [0x0000000080000000, 0x0000000100000000)
  region size 1024K, 49 young (50176K), 22 survivors (22528K)
 Metaspace       used 147635K, committed 148480K, reserved 1179648K
  class space    used 19246K, committed 19648K, reserved 1048576K
GC Heap History (20 events):
Event: 43.121 GC heap before
{Heap before GC invocations=49 (full 0):
 garbage-first heap   total 201728K, used 111364K [0x0000000080000000, 0x0000000100000000)
  region size 1024K, 9 young (9216K), 7 survivors (7168K)
 Metaspace       used 83212K, committed 83968K, reserved 1122304K
  class space    used 11027K, committed 11392K, reserved 1048576K
}
Event: 43.139 GC heap after
{Heap after GC invocations=50 (full 0):
 garbage-first heap   total 201728K, used 110804K [0x0000000080000000, 0x0000000100000000)
  region size 1024K, 2 young (2048K), 2 survivors (2048K)
 Metaspace       used 83212K, committed 83968K, reserved 1122304K
  class space    used 11027K, committed 11392K, reserved 1048576K
}
Event: 45.218 GC heap before
{Heap before GC invocations=50 (full 0):
 garbage-first heap   total 201728K, used 164052K [0x0000000080000000, 0x0000000100000000)
  region size 1024K, 48 young (49152K), 2 survivors (2048K)
 Metaspace       used 91674K, committed 92480K, reserved 1130496K
  class space    used 12564K, committed 12928K, reserved 1048576K
}
Event: 45.235 GC heap after
{Heap after GC invocations=51 (full 0):
 garbage-first heap   total 201728K, used 122666K [0x0000000080000000, 0x0000000100000000)
  region size 1024K, 6 young (6144K), 6 survivors (6144K)
 Metaspace       used 91674K, committed 92480K, reserved 1130496K
  class space    used 12564K, committed 12928K, reserved 1048576K
}
Event: 45.939 GC heap before
{Heap before GC invocations=51 (full 0):
 garbage-first heap   total 201728K, used 163626K [0x0000000080000000, 0x0000000100000000)
  region size 1024K, 46 young (47104K), 6 survivors (6144K)
 Metaspace       used 91837K, committed 92608K, reserved 1130496K
  class space    used 12569K, committed 12928K, reserved 1048576K
}
Event: 46.003 GC heap after
{Heap after GC invocations=52 (full 0):
 garbage-first heap   total 201728K, used 127907K [0x0000000080000000, 0x0000000100000000)
  region size 1024K, 6 young (6144K), 6 survivors (6144K)
 Metaspace       used 91837K, committed 92608K, reserved 1130496K
  class space    used 12569K, committed 12928K, reserved 1048576K
}
Event: 46.489 GC heap before
{Heap before GC invocations=52 (full 0):
 garbage-first heap   total 201728K, used 161699K [0x0000000080000000, 0x0000000100000000)
  region size 1024K, 39 young (39936K), 6 survivors (6144K)
 Metaspace       used 91842K, committed 92608K, reserved 1130496K
  class space    used 12569K, committed 12928K, reserved 1048576K
}
Event: 46.534 GC heap after
{Heap after GC invocations=53 (full 0):
 garbage-first heap   total 201728K, used 139264K [0x0000000080000000, 0x0000000100000000)
  region size 1024K, 5 young (5120K), 5 survivors (5120K)
 Metaspace       used 91842K, committed 92608K, reserved 1130496K
  class space    used 12569K, committed 12928K, reserved 1048576K
}
Event: 48.168 GC heap before
{Heap before GC invocations=54 (full 0):
 garbage-first heap   total 230400K, used 159744K [0x0000000080000000, 0x0000000100000000)
  region size 1024K, 27 young (27648K), 5 survivors (5120K)
 Metaspace       used 93026K, committed 93760K, reserved 1130496K
  class space    used 12740K, committed 13056K, reserved 1048576K
}
Event: 48.193 GC heap after
{Heap after GC invocations=55 (full 0):
 garbage-first heap   total 230400K, used 140284K [0x0000000080000000, 0x0000000100000000)
  region size 1024K, 3 young (3072K), 3 survivors (3072K)
 Metaspace       used 93026K, committed 93760K, reserved 1130496K
  class space    used 12740K, committed 13056K, reserved 1048576K
}
Event: 48.426 GC heap before
{Heap before GC invocations=55 (full 0):
 garbage-first heap   total 230400K, used 148476K [0x0000000080000000, 0x0000000100000000)
  region size 1024K, 11 young (11264K), 3 survivors (3072K)
 Metaspace       used 94482K, committed 95296K, reserved 1138688K
  class space    used 12898K, committed 13248K, reserved 1048576K
}
Event: 48.438 GC heap after
{Heap after GC invocations=56 (full 0):
 garbage-first heap   total 460800K, used 139885K [0x0000000080000000, 0x0000000100000000)
  region size 1024K, 1 young (1024K), 1 survivors (1024K)
 Metaspace       used 94482K, committed 95296K, reserved 1138688K
  class space    used 12898K, committed 13248K, reserved 1048576K
}
Event: 54.967 GC heap before
{Heap before GC invocations=56 (full 0):
 garbage-first heap   total 460800K, used 295533K [0x0000000080000000, 0x0000000100000000)
  region size 1024K, 146 young (149504K), 1 survivors (1024K)
 Metaspace       used 110279K, committed 111104K, reserved 1146880K
  class space    used 14621K, committed 14976K, reserved 1048576K
}
Event: 55.005 GC heap after
{Heap after GC invocations=57 (full 0):
 garbage-first heap   total 460800K, used 157589K [0x0000000080000000, 0x0000000100000000)
  region size 1024K, 12 young (12288K), 12 survivors (12288K)
 Metaspace       used 110279K, committed 111104K, reserved 1146880K
  class space    used 14621K, committed 14976K, reserved 1048576K
}
Event: 64.945 GC heap before
{Heap before GC invocations=57 (full 0):
 garbage-first heap   total 460800K, used 343957K [0x0000000080000000, 0x0000000100000000)
  region size 1024K, 194 young (198656K), 12 survivors (12288K)
 Metaspace       used 124967K, committed 125696K, reserved 1163264K
  class space    used 16228K, committed 16576K, reserved 1048576K
}
Event: 65.015 GC heap after
{Heap after GC invocations=58 (full 0):
 garbage-first heap   total 460800K, used 171516K [0x0000000080000000, 0x0000000100000000)
  region size 1024K, 25 young (25600K), 25 survivors (25600K)
 Metaspace       used 124967K, committed 125696K, reserved 1163264K
  class space    used 16228K, committed 16576K, reserved 1048576K
}
Event: 73.935 GC heap before
{Heap before GC invocations=58 (full 0):
 garbage-first heap   total 460800K, used 369148K [0x0000000080000000, 0x0000000100000000)
  region size 1024K, 196 young (200704K), 25 survivors (25600K)
 Metaspace       used 146402K, committed 147264K, reserved 1179648K
  class space    used 19079K, committed 19520K, reserved 1048576K
}
Event: 74.011 GC heap after
{Heap after GC invocations=59 (full 0):
 garbage-first heap   total 460800K, used 200575K [0x0000000080000000, 0x0000000100000000)
  region size 1024K, 14 young (14336K), 14 survivors (14336K)
 Metaspace       used 146402K, committed 147264K, reserved 1179648K
  class space    used 19079K, committed 19520K, reserved 1048576K
}
Event: 80.940 GC heap before
{Heap before GC invocations=59 (full 0):
 garbage-first heap   total 460800K, used 363391K [0x0000000080000000, 0x0000000100000000)
  region size 1024K, 170 young (174080K), 14 survivors (14336K)
 Metaspace       used 147634K, committed 148480K, reserved 1179648K
  class space    used 19246K, committed 19648K, reserved 1048576K
}
Event: 81.100 GC heap after
{Heap after GC invocations=60 (full 0):
 garbage-first heap   total 460800K, used 222720K [0x0000000080000000, 0x0000000100000000)
  region size 1024K, 22 young (22528K), 22 survivors (22528K)
 Metaspace       used 147634K, committed 148480K, reserved 1179648K
  class space    used 19246K, committed 19648K, reserved 1048576K
}

