# JRE version: OpenJDK Runtime Environment (17.0.6) (build 17.0.6+0-b2043.56-10027231)
# Java VM: OpenJDK 64-Bit Server VM (17.0.6+0-b2043.56-10027231, mixed mode, tiered, compressed oops, compressed class ptrs, g1 gc, windows-amd64)
GC Precious Log:
 CPUs: 2 total, 2 available
 Memory: 11680M
 Large Page Support: Disabled
 NUMA Support: Disabled
 Compressed Oops: Enabled (Zero based)
 Heap Region Size: 2M
 Heap Min Capacity: 8M
 Heap Initial Capacity: 184M
 Heap Max Capacity: 2922M
 Pre-touch: Disabled
 Parallel Workers: 2
 Concurrent Workers: 1
 Concurrent Refinement Workers: 2
 Periodic GC: Disabled
Heap:
 garbage-first heap   total 139264K, used 82682K [0x0000000749600000, 0x0000000800000000)
  region size 2048K, 8 young (16384K), 3 survivors (6144K)
 Metaspace       used 65789K, committed 66112K, reserved 1114112K
  class space    used 7411K, committed 7552K, reserved 1048576K
GC Heap History (20 events):
Event: 17.113 GC heap before
{Heap before GC invocations=16 (full 0):
 garbage-first heap   total 112640K, used 82556K [0x0000000749600000, 0x0000000800000000)
  region size 2048K, 23 young (47104K), 1 survivors (2048K)
 Metaspace       used 57444K, committed 57728K, reserved 1105920K
  class space    used 6728K, committed 6848K, reserved 1048576K
}
Event: 17.147 GC heap after
{Heap after GC invocations=17 (full 0):
 garbage-first heap   total 112640K, used 44453K [0x0000000749600000, 0x0000000800000000)
  region size 2048K, 3 young (6144K), 3 survivors (6144K)
 Metaspace       used 57444K, committed 57728K, reserved 1105920K
  class space    used 6728K, committed 6848K, reserved 1048576K
}
Event: 20.056 GC heap before
{Heap before GC invocations=17 (full 0):
 garbage-first heap   total 112640K, used 81317K [0x0000000749600000, 0x0000000800000000)
  region size 2048K, 21 young (43008K), 3 survivors (6144K)
 Metaspace       used 58667K, committed 59008K, reserved 1105920K
  class space    used 6779K, committed 6912K, reserved 1048576K
}
Event: 20.095 GC heap after
{Heap after GC invocations=18 (full 0):
 garbage-first heap   total 112640K, used 51700K [0x0000000749600000, 0x0000000800000000)
  region size 2048K, 3 young (6144K), 3 survivors (6144K)
 Metaspace       used 58667K, committed 59008K, reserved 1105920K
  class space    used 6779K, committed 6912K, reserved 1048576K
}
Event: 20.835 GC heap before
{Heap before GC invocations=18 (full 0):
 garbage-first heap   total 112640K, used 84468K [0x0000000749600000, 0x0000000800000000)
  region size 2048K, 19 young (38912K), 3 survivors (6144K)
 Metaspace       used 58786K, committed 59072K, reserved 1105920K
  class space    used 6783K, committed 6912K, reserved 1048576K
}
Event: 20.872 GC heap after
{Heap after GC invocations=19 (full 0):
 garbage-first heap   total 112640K, used 58498K [0x0000000749600000, 0x0000000800000000)
  region size 2048K, 3 young (6144K), 3 survivors (6144K)
 Metaspace       used 58786K, committed 59072K, reserved 1105920K
  class space    used 6783K, committed 6912K, reserved 1048576K
}
Event: 21.668 GC heap before
{Heap before GC invocations=19 (full 0):
 garbage-first heap   total 112640K, used 85122K [0x0000000749600000, 0x0000000800000000)
  region size 2048K, 16 young (32768K), 3 survivors (6144K)
 Metaspace       used 58871K, committed 59200K, reserved 1105920K
  class space    used 6789K, committed 6912K, reserved 1048576K
}
Event: 21.696 GC heap after
{Heap after GC invocations=20 (full 0):
 garbage-first heap   total 112640K, used 63488K [0x0000000749600000, 0x0000000800000000)
  region size 2048K, 2 young (4096K), 2 survivors (4096K)
 Metaspace       used 58871K, committed 59200K, reserved 1105920K
  class space    used 6789K, committed 6912K, reserved 1048576K
}
Event: 22.307 GC heap before
{Heap before GC invocations=21 (full 0):
 garbage-first heap   total 112640K, used 88064K [0x0000000749600000, 0x0000000800000000)
  region size 2048K, 14 young (28672K), 2 survivors (4096K)
 Metaspace       used 58911K, committed 59264K, reserved 1105920K
  class space    used 6805K, committed 6976K, reserved 1048576K
}
Event: 22.321 GC heap after
{Heap after GC invocations=22 (full 0):
 garbage-first heap   total 112640K, used 66190K [0x0000000749600000, 0x0000000800000000)
  region size 2048K, 1 young (2048K), 1 survivors (2048K)
 Metaspace       used 58911K, committed 59264K, reserved 1105920K
  class space    used 6805K, committed 6976K, reserved 1048576K
}
Event: 22.545 GC heap before
{Heap before GC invocations=22 (full 0):
 garbage-first heap   total 112640K, used 88718K [0x0000000749600000, 0x0000000800000000)
  region size 2048K, 12 young (24576K), 1 survivors (2048K)
 Metaspace       used 58911K, committed 59264K, reserved 1105920K
  class space    used 6805K, committed 6976K, reserved 1048576K
}
Event: 22.552 GC heap after
{Heap after GC invocations=23 (full 0):
 garbage-first heap   total 139264K, used 65681K [0x0000000749600000, 0x0000000800000000)
  region size 2048K, 1 young (2048K), 1 survivors (2048K)
 Metaspace       used 58911K, committed 59264K, reserved 1105920K
  class space    used 6805K, committed 6976K, reserved 1048576K
}
Event: 22.961 GC heap before
{Heap before GC invocations=24 (full 0):
 garbage-first heap   total 139264K, used 106641K [0x0000000749600000, 0x0000000800000000)
  region size 2048K, 21 young (43008K), 1 survivors (2048K)
 Metaspace       used 58911K, committed 59264K, reserved 1105920K
  class space    used 6805K, committed 6976K, reserved 1048576K
}
Event: 22.967 GC heap after
{Heap after GC invocations=25 (full 0):
 garbage-first heap   total 139264K, used 65756K [0x0000000749600000, 0x0000000800000000)
  region size 2048K, 1 young (2048K), 1 survivors (2048K)
 Metaspace       used 58911K, committed 59264K, reserved 1105920K
  class space    used 6805K, committed 6976K, reserved 1048576K
}
Event: 23.093 GC heap before
{Heap before GC invocations=25 (full 0):
 garbage-first heap   total 139264K, used 108764K [0x0000000749600000, 0x0000000800000000)
  region size 2048K, 22 young (45056K), 1 survivors (2048K)
 Metaspace       used 58911K, committed 59264K, reserved 1105920K
  class space    used 6805K, committed 6976K, reserved 1048576K
}
Event: 23.097 GC heap after
{Heap after GC invocations=26 (full 0):
 garbage-first heap   total 139264K, used 65602K [0x0000000749600000, 0x0000000800000000)
  region size 2048K, 1 young (2048K), 1 survivors (2048K)
 Metaspace       used 58911K, committed 59264K, reserved 1105920K
  class space    used 6805K, committed 6976K, reserved 1048576K
}
Event: 26.454 GC heap before
{Heap before GC invocations=27 (full 0):
 garbage-first heap   total 139264K, used 110658K [0x0000000749600000, 0x0000000800000000)
  region size 2048K, 23 young (47104K), 1 survivors (2048K)
 Metaspace       used 62015K, committed 62336K, reserved 1105920K
  class space    used 7148K, committed 7296K, reserved 1048576K
}
Event: 26.471 GC heap after
{Heap after GC invocations=28 (full 0):
 garbage-first heap   total 139264K, used 69375K [0x0000000749600000, 0x0000000800000000)
  region size 2048K, 3 young (6144K), 3 survivors (6144K)
 Metaspace       used 62015K, committed 62336K, reserved 1105920K
  class space    used 7148K, committed 7296K, reserved 1048576K
}
Event: 33.065 GC heap before
{Heap before GC invocations=28 (full 0):
 garbage-first heap   total 139264K, used 110335K [0x0000000749600000, 0x0000000800000000)
  region size 2048K, 24 young (49152K), 3 survivors (6144K)
 Metaspace       used 65741K, committed 66048K, reserved 1114112K
  class space    used 7410K, committed 7552K, reserved 1048576K
}
Event: 33.100 GC heap after
{Heap after GC invocations=29 (full 0):
 garbage-first heap   total 139264K, used 74490K [0x0000000749600000, 0x0000000800000000)
  region size 2048K, 3 young (6144K), 3 survivors (6144K)
 Metaspace       used 65741K, committed 66048K, reserved 1114112K
  class space    used 7410K, committed 7552K, reserved 1048576K
}

