# JRE version: OpenJDK Runtime Environment (17.0.6) (build 17.0.6+0-b2043.56-10027231)
# Java VM: OpenJDK 64-Bit Server VM (17.0.6+0-b2043.56-10027231, mixed mode, tiered, compressed oops, compressed class ptrs, g1 gc, windows-amd64)
GC Precious Log:
 CPUs: 2 total, 2 available
 Memory: 11680M
 Large Page Support: Disabled
 NUMA Support: Disabled
 Compressed Oops: Enabled (32-bit)
 Heap Region Size: 1M
 Heap Min Capacity: 8M
 Heap Initial Capacity: 184M
 Heap Max Capacity: 2G
 Pre-touch: Disabled
 Parallel Workers: 2
 Concurrent Workers: 1
 Concurrent Refinement Workers: 2
 Periodic GC: Disabled
Heap:
 garbage-first heap   total 353280K, used 124723K [0x0000000080000000, 0x0000000100000000)
  region size 1024K, 9 young (9216K), 9 survivors (9216K)
 Metaspace       used 140039K, committed 141440K, reserved 1171456K
  class space    used 18337K, committed 19008K, reserved 1048576K
GC Heap History (20 events):
Event: 14361.875 GC heap after
{Heap after GC invocations=91 (full 1):
 garbage-first heap   total 353280K, used 124306K [0x0000000080000000, 0x0000000100000000)
  region size 1024K, 1 young (1024K), 1 survivors (1024K)
 Metaspace       used 138062K, committed 139264K, reserved 1171456K
  class space    used 18241K, committed 18816K, reserved 1048576K
}
Event: 14362.846 GC heap before
{Heap before GC invocations=91 (full 1):
 garbage-first heap   total 353280K, used 142738K [0x0000000080000000, 0x0000000100000000)
  region size 1024K, 21 young (21504K), 1 survivors (1024K)
 Metaspace       used 138428K, committed 139712K, reserved 1171456K
  class space    used 18274K, committed 18880K, reserved 1048576K
}
Event: 14362.851 GC heap after
{Heap after GC invocations=92 (full 1):
 garbage-first heap   total 353280K, used 124639K [0x0000000080000000, 0x0000000100000000)
  region size 1024K, 2 young (2048K), 2 survivors (2048K)
 Metaspace       used 138428K, committed 139712K, reserved 1171456K
  class space    used 18274K, committed 18880K, reserved 1048576K
}
Event: 14561.947 GC heap before
{Heap before GC invocations=93 (full 1):
 garbage-first heap   total 353280K, used 314079K [0x0000000080000000, 0x0000000100000000)
  region size 1024K, 150 young (153600K), 2 survivors (2048K)
 Metaspace       used 139004K, committed 140352K, reserved 1171456K
  class space    used 18328K, committed 19008K, reserved 1048576K
}
Event: 14562.001 GC heap after
{Heap after GC invocations=94 (full 1):
 garbage-first heap   total 353280K, used 133522K [0x0000000080000000, 0x0000000100000000)
  region size 1024K, 11 young (11264K), 11 survivors (11264K)
 Metaspace       used 139004K, committed 140352K, reserved 1171456K
  class space    used 18328K, committed 19008K, reserved 1048576K
}
Event: 14562.027 GC heap before
{Heap before GC invocations=94 (full 1):
 garbage-first heap   total 353280K, used 138642K [0x0000000080000000, 0x0000000100000000)
  region size 1024K, 17 young (17408K), 11 survivors (11264K)
 Metaspace       used 139004K, committed 140352K, reserved 1171456K
  class space    used 18328K, committed 19008K, reserved 1048576K
}
Event: 14562.057 GC heap after
{Heap after GC invocations=95 (full 1):
 garbage-first heap   total 353280K, used 125689K [0x0000000080000000, 0x0000000100000000)
  region size 1024K, 2 young (2048K), 2 survivors (2048K)
 Metaspace       used 139004K, committed 140352K, reserved 1171456K
  class space    used 18328K, committed 19008K, reserved 1048576K
}
Event: 14562.739 GC heap before
{Heap before GC invocations=95 (full 1):
 garbage-first heap   total 353280K, used 167673K [0x0000000080000000, 0x0000000100000000)
  region size 1024K, 45 young (46080K), 2 survivors (2048K)
 Metaspace       used 139045K, committed 140416K, reserved 1171456K
  class space    used 18328K, committed 19008K, reserved 1048576K
}
Event: 14562.752 GC heap after
{Heap after GC invocations=96 (full 1):
 garbage-first heap   total 353280K, used 128249K [0x0000000080000000, 0x0000000100000000)
  region size 1024K, 4 young (4096K), 4 survivors (4096K)
 Metaspace       used 139045K, committed 140416K, reserved 1171456K
  class space    used 18328K, committed 19008K, reserved 1048576K
}
Event: 15188.005 GC heap before
{Heap before GC invocations=97 (full 1):
 garbage-first heap   total 353280K, used 275705K [0x0000000080000000, 0x0000000100000000)
  region size 1024K, 131 young (134144K), 4 survivors (4096K)
 Metaspace       used 139172K, committed 140544K, reserved 1171456K
  class space    used 18329K, committed 19008K, reserved 1048576K
}
Event: 15188.019 GC heap after
{Heap after GC invocations=98 (full 1):
 garbage-first heap   total 353280K, used 125545K [0x0000000080000000, 0x0000000100000000)
  region size 1024K, 4 young (4096K), 4 survivors (4096K)
 Metaspace       used 139172K, committed 140544K, reserved 1171456K
  class space    used 18329K, committed 19008K, reserved 1048576K
}
Event: 15188.312 GC heap before
{Heap before GC invocations=98 (full 1):
 garbage-first heap   total 353280K, used 138857K [0x0000000080000000, 0x0000000100000000)
  region size 1024K, 17 young (17408K), 4 survivors (4096K)
 Metaspace       used 139197K, committed 140544K, reserved 1171456K
  class space    used 18329K, committed 19008K, reserved 1048576K
}
Event: 15188.326 GC heap after
{Heap after GC invocations=99 (full 1):
 garbage-first heap   total 353280K, used 118218K [0x0000000080000000, 0x0000000100000000)
  region size 1024K, 2 young (2048K), 2 survivors (2048K)
 Metaspace       used 139197K, committed 140544K, reserved 1171456K
  class space    used 18329K, committed 19008K, reserved 1048576K
}
Event: 15206.995 GC heap before
{Heap before GC invocations=99 (full 1):
 garbage-first heap   total 353280K, used 213450K [0x0000000080000000, 0x0000000100000000)
  region size 1024K, 97 young (99328K), 2 survivors (2048K)
 Metaspace       used 139620K, committed 140992K, reserved 1171456K
  class space    used 18334K, committed 19008K, reserved 1048576K
}
Event: 15207.021 GC heap after
{Heap after GC invocations=100 (full 1):
 garbage-first heap   total 353280K, used 125448K [0x0000000080000000, 0x0000000100000000)
  region size 1024K, 9 young (9216K), 9 survivors (9216K)
 Metaspace       used 139620K, committed 140992K, reserved 1171456K
  class space    used 18334K, committed 19008K, reserved 1048576K
}
Event: 15925.610 GC heap before
{Heap before GC invocations=101 (full 1):
 garbage-first heap   total 353280K, used 274952K [0x0000000080000000, 0x0000000100000000)
  region size 1024K, 142 young (145408K), 9 survivors (9216K)
 Metaspace       used 139741K, committed 141120K, reserved 1171456K
  class space    used 18335K, committed 19008K, reserved 1048576K
}
Event: 15925.647 GC heap after
{Heap after GC invocations=102 (full 1):
 garbage-first heap   total 353280K, used 119606K [0x0000000080000000, 0x0000000100000000)
  region size 1024K, 10 young (10240K), 10 survivors (10240K)
 Metaspace       used 139741K, committed 141120K, reserved 1171456K
  class space    used 18335K, committed 19008K, reserved 1048576K
}
Event: 15925.896 GC heap before
{Heap before GC invocations=102 (full 1):
 garbage-first heap   total 353280K, used 126774K [0x0000000080000000, 0x0000000100000000)
  region size 1024K, 17 young (17408K), 10 survivors (10240K)
 Metaspace       used 139776K, committed 141120K, reserved 1171456K
  class space    used 18335K, committed 19008K, reserved 1048576K
}
Event: 15925.927 GC heap after
{Heap after GC invocations=103 (full 1):
 garbage-first heap   total 353280K, used 117412K [0x0000000080000000, 0x0000000100000000)
  region size 1024K, 2 young (2048K), 2 survivors (2048K)
 Metaspace       used 139776K, committed 141120K, reserved 1171456K
  class space    used 18335K, committed 19008K, reserved 1048576K
}
Event: 15947.096 GC heap before
{Heap before GC invocations=103 (full 1):
 garbage-first heap   total 353280K, used 213668K [0x0000000080000000, 0x0000000100000000)
  region size 1024K, 98 young (100352K), 2 survivors (2048K)
 Metaspace       used 140039K, committed 141440K, reserved 1171456K
  class space    used 18337K, committed 19008K, reserved 1048576K
}

