# JRE version: OpenJDK Runtime Environment (17.0.6) (build 17.0.6+0-b2043.56-10027231)
# Java VM: OpenJDK 64-Bit Server VM (17.0.6+0-b2043.56-10027231, mixed mode, tiered, compressed oops, compressed class ptrs, g1 gc, windows-amd64)
GC Precious Log:
 CPUs: 2 total, 2 available
 Memory: 11680M
 Large Page Support: Disabled
 NUMA Support: Disabled
 Compressed Oops: Enabled (32-bit)
 Heap Region Size: 1M
 Heap Min Capacity: 8M
 Heap Initial Capacity: 184M
 Heap Max Capacity: 2G
 Pre-touch: Disabled
 Parallel Workers: 2
 Concurrent Workers: 1
 Concurrent Refinement Workers: 2
 Periodic GC: Disabled
Heap:
 garbage-first heap   total 302080K, used 231967K [0x0000000080000000, 0x0000000100000000)
  region size 1024K, 55 young (56320K), 2 survivors (2048K)
 Metaspace       used 132625K, committed 133952K, reserved 1171456K
  class space    used 17672K, committed 18304K, reserved 1048576K
GC Heap History (20 events):
Event: 6882.638 GC heap before
{Heap before GC invocations=83 (full 1):
 garbage-first heap   total 214016K, used 181572K [0x0000000080000000, 0x0000000100000000)
  region size 1024K, 22 young (22528K), 3 survivors (3072K)
 Metaspace       used 132273K, committed 133696K, reserved 1171456K
  class space    used 17671K, committed 18304K, reserved 1048576K
}
Event: 6882.652 GC heap after
{Heap after GC invocations=84 (full 1):
 garbage-first heap   total 214016K, used 164197K [0x0000000080000000, 0x0000000100000000)
  region size 1024K, 2 young (2048K), 2 survivors (2048K)
 Metaspace       used 132273K, committed 133696K, reserved 1171456K
  class space    used 17671K, committed 18304K, reserved 1048576K
}
Event: 6884.503 GC heap before
{Heap before GC invocations=84 (full 1):
 garbage-first heap   total 214016K, used 181605K [0x0000000080000000, 0x0000000100000000)
  region size 1024K, 20 young (20480K), 2 survivors (2048K)
 Metaspace       used 132334K, committed 133696K, reserved 1171456K
  class space    used 17671K, committed 18304K, reserved 1048576K
}
Event: 6884.517 GC heap after
{Heap after GC invocations=85 (full 1):
 garbage-first heap   total 214016K, used 166287K [0x0000000080000000, 0x0000000100000000)
  region size 1024K, 3 young (3072K), 3 survivors (3072K)
 Metaspace       used 132334K, committed 133696K, reserved 1171456K
  class space    used 17671K, committed 18304K, reserved 1048576K
}
Event: 6886.901 GC heap before
{Heap before GC invocations=85 (full 1):
 garbage-first heap   total 214016K, used 182671K [0x0000000080000000, 0x0000000100000000)
  region size 1024K, 19 young (19456K), 3 survivors (3072K)
 Metaspace       used 132395K, committed 133760K, reserved 1171456K
  class space    used 17672K, committed 18304K, reserved 1048576K
}
Event: 6886.920 GC heap after
{Heap after GC invocations=86 (full 1):
 garbage-first heap   total 214016K, used 169982K [0x0000000080000000, 0x0000000100000000)
  region size 1024K, 3 young (3072K), 3 survivors (3072K)
 Metaspace       used 132395K, committed 133760K, reserved 1171456K
  class space    used 17672K, committed 18304K, reserved 1048576K
}
Event: 6887.194 GC heap before
{Heap before GC invocations=86 (full 1):
 garbage-first heap   total 214016K, used 183294K [0x0000000080000000, 0x0000000100000000)
  region size 1024K, 16 young (16384K), 3 survivors (3072K)
 Metaspace       used 132411K, committed 133760K, reserved 1171456K
  class space    used 17672K, committed 18304K, reserved 1048576K
}
Event: 6887.215 GC heap after
{Heap after GC invocations=87 (full 1):
 garbage-first heap   total 214016K, used 172208K [0x0000000080000000, 0x0000000100000000)
  region size 1024K, 2 young (2048K), 2 survivors (2048K)
 Metaspace       used 132411K, committed 133760K, reserved 1171456K
  class space    used 17672K, committed 18304K, reserved 1048576K
}
Event: 6887.517 GC heap before
{Heap before GC invocations=87 (full 1):
 garbage-first heap   total 214016K, used 183472K [0x0000000080000000, 0x0000000100000000)
  region size 1024K, 13 young (13312K), 2 survivors (2048K)
 Metaspace       used 132423K, committed 133760K, reserved 1171456K
  class space    used 17672K, committed 18304K, reserved 1048576K
}
Event: 6887.531 GC heap after
{Heap after GC invocations=88 (full 1):
 garbage-first heap   total 214016K, used 173366K [0x0000000080000000, 0x0000000100000000)
  region size 1024K, 2 young (2048K), 2 survivors (2048K)
 Metaspace       used 132423K, committed 133760K, reserved 1171456K
  class space    used 17672K, committed 18304K, reserved 1048576K
}
Event: 6984.969 GC heap before
{Heap before GC invocations=88 (full 1):
 garbage-first heap   total 214016K, used 184630K [0x0000000080000000, 0x0000000100000000)
  region size 1024K, 13 young (13312K), 2 survivors (2048K)
 Metaspace       used 132437K, committed 133760K, reserved 1171456K
  class space    used 17672K, committed 18304K, reserved 1048576K
}
Event: 6984.979 GC heap after
{Heap after GC invocations=89 (full 1):
 garbage-first heap   total 214016K, used 174106K [0x0000000080000000, 0x0000000100000000)
  region size 1024K, 1 young (1024K), 1 survivors (1024K)
 Metaspace       used 132437K, committed 133760K, reserved 1171456K
  class space    used 17672K, committed 18304K, reserved 1048576K
}
Event: 6985.555 GC heap before
{Heap before GC invocations=89 (full 1):
 garbage-first heap   total 214016K, used 185370K [0x0000000080000000, 0x0000000100000000)
  region size 1024K, 12 young (12288K), 1 survivors (1024K)
 Metaspace       used 132439K, committed 133760K, reserved 1171456K
  class space    used 17672K, committed 18304K, reserved 1048576K
}
Event: 6985.564 GC heap after
{Heap after GC invocations=90 (full 1):
 garbage-first heap   total 214016K, used 175501K [0x0000000080000000, 0x0000000100000000)
  region size 1024K, 2 young (2048K), 2 survivors (2048K)
 Metaspace       used 132439K, committed 133760K, reserved 1171456K
  class space    used 17672K, committed 18304K, reserved 1048576K
}
Event: 6985.859 GC heap before
{Heap before GC invocations=90 (full 1):
 garbage-first heap   total 214016K, used 184717K [0x0000000080000000, 0x0000000100000000)
  region size 1024K, 12 young (12288K), 2 survivors (2048K)
 Metaspace       used 132439K, committed 133760K, reserved 1171456K
  class space    used 17672K, committed 18304K, reserved 1048576K
}
Event: 6985.875 GC heap after
{Heap after GC invocations=91 (full 1):
 garbage-first heap   total 214016K, used 176209K [0x0000000080000000, 0x0000000100000000)
  region size 1024K, 1 young (1024K), 1 survivors (1024K)
 Metaspace       used 132439K, committed 133760K, reserved 1171456K
  class space    used 17672K, committed 18304K, reserved 1048576K
}
Event: 6986.210 GC heap before
{Heap before GC invocations=91 (full 1):
 garbage-first heap   total 214016K, used 186449K [0x0000000080000000, 0x0000000100000000)
  region size 1024K, 11 young (11264K), 1 survivors (1024K)
 Metaspace       used 132464K, committed 133824K, reserved 1171456K
  class space    used 17672K, committed 18304K, reserved 1048576K
}
Event: 6986.219 GC heap after
{Heap after GC invocations=92 (full 1):
 garbage-first heap   total 214016K, used 177643K [0x0000000080000000, 0x0000000100000000)
  region size 1024K, 2 young (2048K), 2 survivors (2048K)
 Metaspace       used 132464K, committed 133824K, reserved 1171456K
  class space    used 17672K, committed 18304K, reserved 1048576K
}
Event: 6986.527 GC heap before
{Heap before GC invocations=92 (full 1):
 garbage-first heap   total 214016K, used 185835K [0x0000000080000000, 0x0000000100000000)
  region size 1024K, 10 young (10240K), 2 survivors (2048K)
 Metaspace       used 132486K, committed 133824K, reserved 1171456K
  class space    used 17672K, committed 18304K, reserved 1048576K
}
Event: 6986.542 GC heap after
{Heap after GC invocations=93 (full 1):
 garbage-first heap   total 302080K, used 179743K [0x0000000080000000, 0x0000000100000000)
  region size 1024K, 2 young (2048K), 2 survivors (2048K)
 Metaspace       used 132486K, committed 133824K, reserved 1171456K
  class space    used 17672K, committed 18304K, reserved 1048576K
}

