# JRE version: OpenJDK Runtime Environment (17.0.6) (build 17.0.6+0-b2043.56-10027231)
# Java VM: OpenJDK 64-Bit Server VM (17.0.6+0-b2043.56-10027231, mixed mode, tiered, compressed oops, compressed class ptrs, g1 gc, windows-amd64)
GC Precious Log:
 CPUs: 2 total, 2 available
 Memory: 11680M
 Large Page Support: Disabled
 NUMA Support: Disabled
 Compressed Oops: Enabled (Zero based)
 Heap Region Size: 2M
 Heap Min Capacity: 8M
 Heap Initial Capacity: 184M
 Heap Max Capacity: 2922M
 Pre-touch: Disabled
 Parallel Workers: 2
 Concurrent Workers: 1
 Concurrent Refinement Workers: 2
 Periodic GC: Disabled
Heap:
 garbage-first heap   total 126976K, used 100990K [0x0000000749600000, 0x0000000800000000)
  region size 2048K, 20 young (40960K), 1 survivors (2048K)
 Metaspace       used 62703K, committed 62976K, reserved 1105920K
  class space    used 7207K, committed 7360K, reserved 1048576K
GC Heap History (20 events):
Event: 10.372 GC heap before
{Heap before GC invocations=12 (full 0):
 garbage-first heap   total 96256K, used 69928K [0x0000000749600000, 0x0000000800000000)
  region size 2048K, 20 young (40960K), 1 survivors (2048K)
 Metaspace       used 50152K, committed 50368K, reserved 1097728K
  class space    used 5960K, committed 6080K, reserved 1048576K
}
Event: 10.386 GC heap after
{Heap after GC invocations=13 (full 0):
 garbage-first heap   total 96256K, used 34490K [0x0000000749600000, 0x0000000800000000)
  region size 2048K, 3 young (6144K), 3 survivors (6144K)
 Metaspace       used 50152K, committed 50368K, reserved 1097728K
  class space    used 5960K, committed 6080K, reserved 1048576K
}
Event: 13.374 GC heap before
{Heap before GC invocations=14 (full 0):
 garbage-first heap   total 96256K, used 69306K [0x0000000749600000, 0x0000000800000000)
  region size 2048K, 20 young (40960K), 3 survivors (6144K)
 Metaspace       used 54754K, committed 54976K, reserved 1097728K
  class space    used 6410K, committed 6528K, reserved 1048576K
}
Event: 13.404 GC heap after
{Heap after GC invocations=15 (full 0):
 garbage-first heap   total 96256K, used 40389K [0x0000000749600000, 0x0000000800000000)
  region size 2048K, 3 young (6144K), 3 survivors (6144K)
 Metaspace       used 54754K, committed 54976K, reserved 1097728K
  class space    used 6410K, committed 6528K, reserved 1048576K
}
Event: 16.306 GC heap before
{Heap before GC invocations=15 (full 0):
 garbage-first heap   total 96256K, used 71109K [0x0000000749600000, 0x0000000800000000)
  region size 2048K, 18 young (36864K), 3 survivors (6144K)
 Metaspace       used 58194K, committed 58432K, reserved 1105920K
  class space    used 6758K, committed 6912K, reserved 1048576K
}
Event: 16.335 GC heap after
{Heap after GC invocations=16 (full 0):
 garbage-first heap   total 96256K, used 45720K [0x0000000749600000, 0x0000000800000000)
  region size 2048K, 3 young (6144K), 3 survivors (6144K)
 Metaspace       used 58194K, committed 58432K, reserved 1105920K
  class space    used 6758K, committed 6912K, reserved 1048576K
}
Event: 18.066 GC heap before
{Heap before GC invocations=16 (full 0):
 garbage-first heap   total 96256K, used 72344K [0x0000000749600000, 0x0000000800000000)
  region size 2048K, 16 young (32768K), 3 survivors (6144K)
 Metaspace       used 58598K, committed 58880K, reserved 1105920K
  class space    used 6773K, committed 6912K, reserved 1048576K
}
Event: 18.091 GC heap after
{Heap after GC invocations=17 (full 0):
 garbage-first heap   total 96256K, used 50684K [0x0000000749600000, 0x0000000800000000)
  region size 2048K, 2 young (4096K), 2 survivors (4096K)
 Metaspace       used 58598K, committed 58880K, reserved 1105920K
  class space    used 6773K, committed 6912K, reserved 1048576K
}
Event: 18.708 GC heap before
{Heap before GC invocations=17 (full 0):
 garbage-first heap   total 96256K, used 73212K [0x0000000749600000, 0x0000000800000000)
  region size 2048K, 13 young (26624K), 2 survivors (4096K)
 Metaspace       used 58747K, committed 59072K, reserved 1105920K
  class space    used 6781K, committed 6912K, reserved 1048576K
}
Event: 18.731 GC heap after
{Heap after GC invocations=18 (full 0):
 garbage-first heap   total 126976K, used 55296K [0x0000000749600000, 0x0000000800000000)
  region size 2048K, 2 young (4096K), 2 survivors (4096K)
 Metaspace       used 58747K, committed 59072K, reserved 1105920K
  class space    used 6781K, committed 6912K, reserved 1048576K
}
Event: 19.955 GC heap before
{Heap before GC invocations=19 (full 0):
 garbage-first heap   total 126976K, used 94208K [0x0000000749600000, 0x0000000800000000)
  region size 2048K, 21 young (43008K), 2 survivors (4096K)
 Metaspace       used 58794K, committed 59072K, reserved 1105920K
  class space    used 6788K, committed 6912K, reserved 1048576K
}
Event: 19.984 GC heap after
{Heap after GC invocations=20 (full 0):
 garbage-first heap   total 126976K, used 62764K [0x0000000749600000, 0x0000000800000000)
  region size 2048K, 3 young (6144K), 3 survivors (6144K)
 Metaspace       used 58794K, committed 59072K, reserved 1105920K
  class space    used 6788K, committed 6912K, reserved 1048576K
}
Event: 20.346 GC heap before
{Heap before GC invocations=20 (full 0):
 garbage-first heap   total 126976K, used 95532K [0x0000000749600000, 0x0000000800000000)
  region size 2048K, 19 young (38912K), 3 survivors (6144K)
 Metaspace       used 58947K, committed 59264K, reserved 1105920K
  class space    used 6805K, committed 6976K, reserved 1048576K
}
Event: 20.369 GC heap after
{Heap after GC invocations=21 (full 0):
 garbage-first heap   total 126976K, used 64578K [0x0000000749600000, 0x0000000800000000)
  region size 2048K, 1 young (2048K), 1 survivors (2048K)
 Metaspace       used 58947K, committed 59264K, reserved 1105920K
  class space    used 6805K, committed 6976K, reserved 1048576K
}
Event: 20.655 GC heap before
{Heap before GC invocations=22 (full 0):
 garbage-first heap   total 126976K, used 97346K [0x0000000749600000, 0x0000000800000000)
  region size 2048K, 17 young (34816K), 1 survivors (2048K)
 Metaspace       used 58947K, committed 59264K, reserved 1105920K
  class space    used 6805K, committed 6976K, reserved 1048576K
}
Event: 20.659 GC heap after
{Heap after GC invocations=23 (full 0):
 garbage-first heap   total 126976K, used 64209K [0x0000000749600000, 0x0000000800000000)
  region size 2048K, 1 young (2048K), 1 survivors (2048K)
 Metaspace       used 58947K, committed 59264K, reserved 1105920K
  class space    used 6805K, committed 6976K, reserved 1048576K
}
Event: 20.733 GC heap before
{Heap before GC invocations=23 (full 0):
 garbage-first heap   total 126976K, used 99025K [0x0000000749600000, 0x0000000800000000)
  region size 2048K, 18 young (36864K), 1 survivors (2048K)
 Metaspace       used 58947K, committed 59264K, reserved 1105920K
  class space    used 6805K, committed 6976K, reserved 1048576K
}
Event: 20.737 GC heap after
{Heap after GC invocations=24 (full 0):
 garbage-first heap   total 126976K, used 64093K [0x0000000749600000, 0x0000000800000000)
  region size 2048K, 1 young (2048K), 1 survivors (2048K)
 Metaspace       used 58947K, committed 59264K, reserved 1105920K
  class space    used 6805K, committed 6976K, reserved 1048576K
}
Event: 21.054 GC heap before
{Heap before GC invocations=25 (full 0):
 garbage-first heap   total 126976K, used 100957K [0x0000000749600000, 0x0000000800000000)
  region size 2048K, 19 young (38912K), 1 survivors (2048K)
 Metaspace       used 58955K, committed 59264K, reserved 1105920K
  class space    used 6805K, committed 6976K, reserved 1048576K
}
Event: 21.057 GC heap after
{Heap after GC invocations=26 (full 0):
 garbage-first heap   total 126976K, used 64126K [0x0000000749600000, 0x0000000800000000)
  region size 2048K, 1 young (2048K), 1 survivors (2048K)
 Metaspace       used 58955K, committed 59264K, reserved 1105920K
  class space    used 6805K, committed 6976K, reserved 1048576K
}

