# JRE version: OpenJDK Runtime Environment (17.0.6) (build 17.0.6+0-b2043.56-10027231)
# Java VM: OpenJDK 64-Bit Server VM (17.0.6+0-b2043.56-10027231, mixed mode, tiered, compressed oops, compressed class ptrs, g1 gc, windows-amd64)
GC Precious Log:
 CPUs: 2 total, 2 available
 Memory: 11680M
 Large Page Support: Disabled
 NUMA Support: Disabled
 Compressed Oops: Enabled (32-bit)
 Heap Region Size: 1M
 Heap Min Capacity: 8M
 Heap Initial Capacity: 184M
 Heap Max Capacity: 2G
 Pre-touch: Disabled
 Parallel Workers: 2
 Concurrent Workers: 1
 Concurrent Refinement Workers: 2
 Periodic GC: Disabled
Heap:
 garbage-first heap   total 467968K, used 262056K [0x0000000080000000, 0x0000000100000000)
  region size 1024K, 7 young (7168K), 7 survivors (7168K)
 Metaspace       used 194827K, committed 196352K, reserved 1220608K
  class space    used 25169K, committed 25856K, reserved 1048576K
GC Heap History (20 events):
Event: 5429.848 GC heap after
{Heap after GC invocations=88 (full 0):
 garbage-first heap   total 467968K, used 166040K [0x0000000080000000, 0x0000000100000000)
  region size 1024K, 1 young (1024K), 1 survivors (1024K)
 Metaspace       used 145435K, committed 146816K, reserved 1179648K
  class space    used 19562K, committed 20160K, reserved 1048576K
}
Event: 5430.649 GC heap before
{Heap before GC invocations=88 (full 0):
 garbage-first heap   total 467968K, used 189592K [0x0000000080000000, 0x0000000100000000)
  region size 1024K, 25 young (25600K), 1 survivors (1024K)
 Metaspace       used 149422K, committed 150912K, reserved 1179648K
  class space    used 20103K, committed 20800K, reserved 1048576K
}
Event: 5430.657 GC heap after
{Heap after GC invocations=89 (full 0):
 garbage-first heap   total 467968K, used 166040K [0x0000000080000000, 0x0000000100000000)
  region size 1024K, 1 young (1024K), 1 survivors (1024K)
 Metaspace       used 149422K, committed 150912K, reserved 1179648K
  class space    used 20103K, committed 20800K, reserved 1048576K
}
Event: 5438.571 GC heap before
{Heap before GC invocations=90 (full 0):
 garbage-first heap   total 467968K, used 394240K [0x0000000080000000, 0x0000000100000000)
  region size 1024K, 215 young (220160K), 1 survivors (1024K)
 Metaspace       used 165123K, committed 166592K, reserved 1196032K
  class space    used 21797K, committed 22464K, reserved 1048576K
}
Event: 5438.684 GC heap after
{Heap after GC invocations=91 (full 0):
 garbage-first heap   total 467968K, used 205824K [0x0000000080000000, 0x0000000100000000)
  region size 1024K, 27 young (27648K), 27 survivors (27648K)
 Metaspace       used 165123K, committed 166592K, reserved 1196032K
  class space    used 21797K, committed 22464K, reserved 1048576K
}
Event: 5438.751 GC heap before
{Heap before GC invocations=91 (full 0):
 garbage-first heap   total 467968K, used 206848K [0x0000000080000000, 0x0000000100000000)
  region size 1024K, 28 young (28672K), 27 survivors (27648K)
 Metaspace       used 165429K, committed 166912K, reserved 1196032K
  class space    used 21824K, committed 22528K, reserved 1048576K
}
Event: 5438.826 GC heap after
{Heap after GC invocations=92 (full 0):
 garbage-first heap   total 467968K, used 198656K [0x0000000080000000, 0x0000000100000000)
  region size 1024K, 1 young (1024K), 1 survivors (1024K)
 Metaspace       used 165429K, committed 166912K, reserved 1196032K
  class space    used 21824K, committed 22528K, reserved 1048576K
}
Event: 5439.893 GC heap before
{Heap before GC invocations=92 (full 0):
 garbage-first heap   total 467968K, used 214016K [0x0000000080000000, 0x0000000100000000)
  region size 1024K, 17 young (17408K), 1 survivors (1024K)
 Metaspace       used 167758K, committed 169216K, reserved 1196032K
  class space    used 22151K, committed 22848K, reserved 1048576K
}
Event: 5439.905 GC heap after
{Heap after GC invocations=93 (full 0):
 garbage-first heap   total 467968K, used 198656K [0x0000000080000000, 0x0000000100000000)
  region size 1024K, 1 young (1024K), 1 survivors (1024K)
 Metaspace       used 167758K, committed 169216K, reserved 1196032K
  class space    used 22151K, committed 22848K, reserved 1048576K
}
Event: 5448.924 GC heap before
{Heap before GC invocations=94 (full 0):
 garbage-first heap   total 467968K, used 380928K [0x0000000080000000, 0x0000000100000000)
  region size 1024K, 178 young (182272K), 1 survivors (1024K)
 Metaspace       used 179470K, committed 180928K, reserved 1212416K
  class space    used 23352K, committed 24064K, reserved 1048576K
}
Event: 5448.964 GC heap after
{Heap after GC invocations=95 (full 0):
 garbage-first heap   total 467968K, used 212621K [0x0000000080000000, 0x0000000100000000)
  region size 1024K, 15 young (15360K), 15 survivors (15360K)
 Metaspace       used 179470K, committed 180928K, reserved 1212416K
  class space    used 23352K, committed 24064K, reserved 1048576K
}
Event: 5449.490 GC heap before
{Heap before GC invocations=95 (full 0):
 garbage-first heap   total 467968K, used 219789K [0x0000000080000000, 0x0000000100000000)
  region size 1024K, 22 young (22528K), 15 survivors (15360K)
 Metaspace       used 180419K, committed 181888K, reserved 1212416K
  class space    used 23507K, committed 24192K, reserved 1048576K
}
Event: 5449.570 GC heap after
{Heap after GC invocations=96 (full 0):
 garbage-first heap   total 467968K, used 209843K [0x0000000080000000, 0x0000000100000000)
  region size 1024K, 1 young (1024K), 1 survivors (1024K)
 Metaspace       used 180419K, committed 181888K, reserved 1212416K
  class space    used 23507K, committed 24192K, reserved 1048576K
}
Event: 5452.822 GC heap before
{Heap before GC invocations=96 (full 0):
 garbage-first heap   total 467968K, used 290739K [0x0000000080000000, 0x0000000100000000)
  region size 1024K, 81 young (82944K), 1 survivors (1024K)
 Metaspace       used 192141K, committed 193664K, reserved 1220608K
  class space    used 24789K, committed 25472K, reserved 1048576K
}
Event: 5452.850 GC heap after
{Heap after GC invocations=97 (full 0):
 garbage-first heap   total 467968K, used 207367K [0x0000000080000000, 0x0000000100000000)
  region size 1024K, 5 young (5120K), 5 survivors (5120K)
 Metaspace       used 192141K, committed 193664K, reserved 1220608K
  class space    used 24789K, committed 25472K, reserved 1048576K
}
Event: 5459.409 GC heap before
{Heap before GC invocations=98 (full 0):
 garbage-first heap   total 467968K, used 409095K [0x0000000080000000, 0x0000000100000000)
  region size 1024K, 177 young (181248K), 5 survivors (5120K)
 Metaspace       used 194826K, committed 196352K, reserved 1220608K
  class space    used 25169K, committed 25856K, reserved 1048576K
}
Event: 5459.481 GC heap after
{Heap after GC invocations=99 (full 0):
 garbage-first heap   total 467968K, used 258048K [0x0000000080000000, 0x0000000100000000)
  region size 1024K, 23 young (23552K), 23 survivors (23552K)
 Metaspace       used 194826K, committed 196352K, reserved 1220608K
  class space    used 25169K, committed 25856K, reserved 1048576K
}
Event: 5459.498 GC heap before
{Heap before GC invocations=99 (full 0):
 garbage-first heap   total 467968K, used 259072K [0x0000000080000000, 0x0000000100000000)
  region size 1024K, 24 young (24576K), 23 survivors (23552K)
 Metaspace       used 194826K, committed 196352K, reserved 1220608K
  class space    used 25169K, committed 25856K, reserved 1048576K
}
Event: 5459.561 GC heap after
{Heap after GC invocations=100 (full 0):
 garbage-first heap   total 467968K, used 256000K [0x0000000080000000, 0x0000000100000000)
  region size 1024K, 1 young (1024K), 1 survivors (1024K)
 Metaspace       used 194826K, committed 196352K, reserved 1220608K
  class space    used 25169K, committed 25856K, reserved 1048576K
}
Event: 5465.138 GC heap before
{Heap before GC invocations=100 (full 0):
 garbage-first heap   total 467968K, used 380928K [0x0000000080000000, 0x0000000100000000)
  region size 1024K, 123 young (125952K), 1 survivors (1024K)
 Metaspace       used 194827K, committed 196352K, reserved 1220608K
  class space    used 25169K, committed 25856K, reserved 1048576K
}

