# JRE version: OpenJDK Runtime Environment (17.0.6) (build 17.0.6+0-b2043.56-10027231)
# Java VM: OpenJDK 64-Bit Server VM (17.0.6+0-b2043.56-10027231, mixed mode, tiered, compressed oops, compressed class ptrs, g1 gc, windows-amd64)
GC Precious Log:
 CPUs: 2 total, 2 available
 Memory: 11680M
 Large Page Support: Disabled
 NUMA Support: Disabled
 Compressed Oops: Enabled (32-bit)
 Heap Region Size: 1M
 Heap Min Capacity: 8M
 Heap Initial Capacity: 184M
 Heap Max Capacity: 2G
 Pre-touch: Disabled
 Parallel Workers: 2
 Concurrent Workers: 1
 Concurrent Refinement Workers: 2
 Periodic GC: Disabled
Heap:
 garbage-first heap   total 324608K, used 210432K [0x0000000080000000, 0x0000000100000000)
  region size 1024K, 7 young (7168K), 7 survivors (7168K)
 Metaspace       used 136688K, committed 137856K, reserved 1171456K
  class space    used 18056K, committed 18624K, reserved 1048576K
GC Heap History (20 events):
Event: 192.086 GC heap after
{Heap after GC invocations=72 (full 0):
 garbage-first heap   total 283648K, used 187392K [0x0000000080000000, 0x0000000100000000)
  region size 1024K, 8 young (8192K), 8 survivors (8192K)
 Metaspace       used 133754K, committed 134784K, reserved 1171456K
  class space    used 17808K, committed 18304K, reserved 1048576K
}
Event: 193.340 GC heap before
{Heap before GC invocations=72 (full 0):
 garbage-first heap   total 283648K, used 234496K [0x0000000080000000, 0x0000000100000000)
  region size 1024K, 54 young (55296K), 8 survivors (8192K)
 Metaspace       used 134524K, committed 135616K, reserved 1171456K
  class space    used 17857K, committed 18432K, reserved 1048576K
}
Event: 193.349 GC heap after
{Heap after GC invocations=73 (full 0):
 garbage-first heap   total 283648K, used 185344K [0x0000000080000000, 0x0000000100000000)
  region size 1024K, 1 young (1024K), 1 survivors (1024K)
 Metaspace       used 134524K, committed 135616K, reserved 1171456K
  class space    used 17857K, committed 18432K, reserved 1048576K
}
Event: 195.189 GC heap before
{Heap before GC invocations=73 (full 0):
 garbage-first heap   total 283648K, used 237568K [0x0000000080000000, 0x0000000100000000)
  region size 1024K, 51 young (52224K), 1 survivors (1024K)
 Metaspace       used 134768K, committed 135872K, reserved 1171456K
  class space    used 17866K, committed 18432K, reserved 1048576K
}
Event: 195.195 GC heap after
{Heap after GC invocations=74 (full 0):
 garbage-first heap   total 283648K, used 184759K [0x0000000080000000, 0x0000000100000000)
  region size 1024K, 1 young (1024K), 1 survivors (1024K)
 Metaspace       used 134768K, committed 135872K, reserved 1171456K
  class space    used 17866K, committed 18432K, reserved 1048576K
}
Event: 199.596 GC heap before
{Heap before GC invocations=74 (full 0):
 garbage-first heap   total 283648K, used 236983K [0x0000000080000000, 0x0000000100000000)
  region size 1024K, 53 young (54272K), 1 survivors (1024K)
 Metaspace       used 135923K, committed 136960K, reserved 1171456K
  class space    used 17995K, committed 18560K, reserved 1048576K
}
Event: 199.608 GC heap after
{Heap after GC invocations=75 (full 0):
 garbage-first heap   total 283648K, used 185595K [0x0000000080000000, 0x0000000100000000)
  region size 1024K, 2 young (2048K), 2 survivors (2048K)
 Metaspace       used 135923K, committed 136960K, reserved 1171456K
  class space    used 17995K, committed 18560K, reserved 1048576K
}
Event: 202.832 GC heap before
{Heap before GC invocations=75 (full 0):
 garbage-first heap   total 283648K, used 257275K [0x0000000080000000, 0x0000000100000000)
  region size 1024K, 51 young (52224K), 2 survivors (2048K)
 Metaspace       used 136200K, committed 137344K, reserved 1171456K
  class space    used 18032K, committed 18624K, reserved 1048576K
}
Event: 202.851 GC heap after
{Heap after GC invocations=76 (full 0):
 garbage-first heap   total 283648K, used 209691K [0x0000000080000000, 0x0000000100000000)
  region size 1024K, 7 young (7168K), 7 survivors (7168K)
 Metaspace       used 136200K, committed 137344K, reserved 1171456K
  class space    used 18032K, committed 18624K, reserved 1048576K
}
Event: 202.876 GC heap before
{Heap before GC invocations=76 (full 0):
 garbage-first heap   total 283648K, used 239387K [0x0000000080000000, 0x0000000100000000)
  region size 1024K, 19 young (19456K), 7 survivors (7168K)
 Metaspace       used 136204K, committed 137344K, reserved 1171456K
  class space    used 18032K, committed 18624K, reserved 1048576K
}
Event: 202.890 GC heap after
{Heap after GC invocations=77 (full 0):
 garbage-first heap   total 283648K, used 226600K [0x0000000080000000, 0x0000000100000000)
  region size 1024K, 5 young (5120K), 5 survivors (5120K)
 Metaspace       used 136204K, committed 137344K, reserved 1171456K
  class space    used 18032K, committed 18624K, reserved 1048576K
}
Event: 203.282 GC heap before
{Heap before GC invocations=77 (full 0):
 garbage-first heap   total 283648K, used 245032K [0x0000000080000000, 0x0000000100000000)
  region size 1024K, 21 young (21504K), 5 survivors (5120K)
 Metaspace       used 136275K, committed 137408K, reserved 1171456K
  class space    used 18032K, committed 18624K, reserved 1048576K
}
Event: 203.307 GC heap after
{Heap after GC invocations=78 (full 0):
 garbage-first heap   total 283648K, used 229959K [0x0000000080000000, 0x0000000100000000)
  region size 1024K, 3 young (3072K), 3 survivors (3072K)
 Metaspace       used 136275K, committed 137408K, reserved 1171456K
  class space    used 18032K, committed 18624K, reserved 1048576K
}
Event: 203.585 GC heap before
{Heap before GC invocations=78 (full 0):
 garbage-first heap   total 283648K, used 241223K [0x0000000080000000, 0x0000000100000000)
  region size 1024K, 15 young (15360K), 3 survivors (3072K)
 Metaspace       used 136276K, committed 137408K, reserved 1171456K
  class space    used 18032K, committed 18624K, reserved 1048576K
}
Event: 203.626 GC heap after
{Heap after GC invocations=79 (full 0):
 garbage-first heap   total 283648K, used 235520K [0x0000000080000000, 0x0000000100000000)
  region size 1024K, 2 young (2048K), 2 survivors (2048K)
 Metaspace       used 136276K, committed 137408K, reserved 1171456K
  class space    used 18032K, committed 18624K, reserved 1048576K
}
Event: 204.329 GC heap before
{Heap before GC invocations=80 (full 0):
 garbage-first heap   total 324608K, used 207872K [0x0000000080000000, 0x0000000100000000)
  region size 1024K, 15 young (15360K), 2 survivors (2048K)
 Metaspace       used 136276K, committed 137408K, reserved 1171456K
  class space    used 18032K, committed 18624K, reserved 1048576K
}
Event: 204.362 GC heap after
{Heap after GC invocations=81 (full 0):
 garbage-first heap   total 324608K, used 200704K [0x0000000080000000, 0x0000000100000000)
  region size 1024K, 2 young (2048K), 2 survivors (2048K)
 Metaspace       used 136276K, committed 137408K, reserved 1171456K
  class space    used 18032K, committed 18624K, reserved 1048576K
}
Event: 204.995 GC heap before
{Heap before GC invocations=81 (full 0):
 garbage-first heap   total 324608K, used 214016K [0x0000000080000000, 0x0000000100000000)
  region size 1024K, 15 young (15360K), 2 survivors (2048K)
 Metaspace       used 136276K, committed 137408K, reserved 1171456K
  class space    used 18032K, committed 18624K, reserved 1048576K
}
Event: 205.044 GC heap after
{Heap after GC invocations=82 (full 0):
 garbage-first heap   total 324608K, used 183283K [0x0000000080000000, 0x0000000100000000)
  region size 1024K, 2 young (2048K), 2 survivors (2048K)
 Metaspace       used 136276K, committed 137408K, reserved 1171456K
  class space    used 18032K, committed 18624K, reserved 1048576K
}
Event: 206.805 GC heap before
{Heap before GC invocations=82 (full 0):
 garbage-first heap   total 324608K, used 237555K [0x0000000080000000, 0x0000000100000000)
  region size 1024K, 56 young (57344K), 2 survivors (2048K)
 Metaspace       used 136688K, committed 137856K, reserved 1171456K
  class space    used 18056K, committed 18624K, reserved 1048576K
}

