# JRE version: OpenJDK Runtime Environment (17.0.6) (build 17.0.6+0-b2043.56-10027231)
# Java VM: OpenJDK 64-Bit Server VM (17.0.6+0-b2043.56-10027231, mixed mode, tiered, compressed oops, compressed class ptrs, g1 gc, windows-amd64)
GC Precious Log:
 CPUs: 2 total, 2 available
 Memory: 11680M
 Large Page Support: Disabled
 NUMA Support: Disabled
 Compressed Oops: Enabled (32-bit)
 Heap Region Size: 1M
 Heap Min Capacity: 8M
 Heap Initial Capacity: 184M
 Heap Max Capacity: 2G
 Pre-touch: Disabled
 Parallel Workers: 2
 Concurrent Workers: 1
 Concurrent Refinement Workers: 2
 Periodic GC: Disabled
Heap:
 garbage-first heap   total 474112K, used 134709K [0x0000000080000000, 0x0000000100000000)
  region size 1024K, 6 young (6144K), 6 survivors (6144K)
 Metaspace       used 132640K, committed 134080K, reserved 1171456K
  class space    used 17660K, committed 18304K, reserved 1048576K
GC Heap History (20 events):
Event: 1249.400 GC heap after
{Heap after GC invocations=85 (full 0):
 garbage-first heap   total 434176K, used 150621K [0x0000000080000000, 0x0000000100000000)
  region size 1024K, 3 young (3072K), 3 survivors (3072K)
 Metaspace       used 132067K, committed 133440K, reserved 1171456K
  class space    used 17657K, committed 18304K, reserved 1048576K
}
Event: 1250.244 GC heap before
{Heap before GC invocations=85 (full 0):
 garbage-first heap   total 434176K, used 188509K [0x0000000080000000, 0x0000000100000000)
  region size 1024K, 42 young (43008K), 3 survivors (3072K)
 Metaspace       used 132176K, committed 133632K, reserved 1171456K
  class space    used 17657K, committed 18304K, reserved 1048576K
}
Event: 1250.267 GC heap after
{Heap after GC invocations=86 (full 0):
 garbage-first heap   total 434176K, used 155826K [0x0000000080000000, 0x0000000100000000)
  region size 1024K, 8 young (8192K), 8 survivors (8192K)
 Metaspace       used 132176K, committed 133632K, reserved 1171456K
  class space    used 17657K, committed 18304K, reserved 1048576K
}
Event: 1294.893 GC heap before
{Heap before GC invocations=87 (full 0):
 garbage-first heap   total 434176K, used 305330K [0x0000000080000000, 0x0000000100000000)
  region size 1024K, 137 young (140288K), 8 survivors (8192K)
 Metaspace       used 132249K, committed 133696K, reserved 1171456K
  class space    used 17659K, committed 18304K, reserved 1048576K
}
Event: 1294.950 GC heap after
{Heap after GC invocations=88 (full 0):
 garbage-first heap   total 434176K, used 141491K [0x0000000080000000, 0x0000000100000000)
  region size 1024K, 10 young (10240K), 10 survivors (10240K)
 Metaspace       used 132249K, committed 133696K, reserved 1171456K
  class space    used 17659K, committed 18304K, reserved 1048576K
}
Event: 1295.540 GC heap before
{Heap before GC invocations=88 (full 0):
 garbage-first heap   total 434176K, used 151731K [0x0000000080000000, 0x0000000100000000)
  region size 1024K, 21 young (21504K), 10 survivors (10240K)
 Metaspace       used 132255K, committed 133696K, reserved 1171456K
  class space    used 17659K, committed 18304K, reserved 1048576K
}
Event: 1295.587 GC heap after
{Heap after GC invocations=89 (full 0):
 garbage-first heap   total 434176K, used 130358K [0x0000000080000000, 0x0000000100000000)
  region size 1024K, 3 young (3072K), 3 survivors (3072K)
 Metaspace       used 132255K, committed 133696K, reserved 1171456K
  class space    used 17659K, committed 18304K, reserved 1048576K
}
Event: 1297.941 GC heap before
{Heap before GC invocations=89 (full 0):
 garbage-first heap   total 434176K, used 175414K [0x0000000080000000, 0x0000000100000000)
  region size 1024K, 49 young (50176K), 3 survivors (3072K)
 Metaspace       used 132335K, committed 133760K, reserved 1171456K
  class space    used 17659K, committed 18304K, reserved 1048576K
}
Event: 1297.967 GC heap after
{Heap after GC invocations=90 (full 0):
 garbage-first heap   total 434176K, used 135316K [0x0000000080000000, 0x0000000100000000)
  region size 1024K, 8 young (8192K), 8 survivors (8192K)
 Metaspace       used 132335K, committed 133760K, reserved 1171456K
  class space    used 17659K, committed 18304K, reserved 1048576K
}
Event: 1337.662 GC heap before
{Heap before GC invocations=91 (full 0):
 garbage-first heap   total 434176K, used 333150K [0x0000000080000000, 0x0000000100000000)
  region size 1024K, 170 young (174080K), 8 survivors (8192K)
 Metaspace       used 132445K, committed 133824K, reserved 1171456K
  class space    used 17660K, committed 18304K, reserved 1048576K
}
Event: 1337.706 GC heap after
{Heap after GC invocations=92 (full 0):
 garbage-first heap   total 434176K, used 138752K [0x0000000080000000, 0x0000000100000000)
  region size 1024K, 13 young (13312K), 13 survivors (13312K)
 Metaspace       used 132445K, committed 133824K, reserved 1171456K
  class space    used 17660K, committed 18304K, reserved 1048576K
}
Event: 1338.000 GC heap before
{Heap before GC invocations=92 (full 0):
 garbage-first heap   total 434176K, used 146944K [0x0000000080000000, 0x0000000100000000)
  region size 1024K, 21 young (21504K), 13 survivors (13312K)
 Metaspace       used 132467K, committed 133824K, reserved 1171456K
  class space    used 17660K, committed 18304K, reserved 1048576K
}
Event: 1338.041 GC heap after
{Heap after GC invocations=93 (full 0):
 garbage-first heap   total 434176K, used 132910K [0x0000000080000000, 0x0000000100000000)
  region size 1024K, 3 young (3072K), 3 survivors (3072K)
 Metaspace       used 132467K, committed 133824K, reserved 1171456K
  class space    used 17660K, committed 18304K, reserved 1048576K
}
Event: 1338.715 GC heap before
{Heap before GC invocations=93 (full 0):
 garbage-first heap   total 434176K, used 148270K [0x0000000080000000, 0x0000000100000000)
  region size 1024K, 20 young (20480K), 3 survivors (3072K)
 Metaspace       used 132478K, committed 133824K, reserved 1171456K
  class space    used 17660K, committed 18304K, reserved 1048576K
}
Event: 1338.734 GC heap after
{Heap after GC invocations=94 (full 0):
 garbage-first heap   total 434176K, used 134851K [0x0000000080000000, 0x0000000100000000)
  region size 1024K, 5 young (5120K), 5 survivors (5120K)
 Metaspace       used 132478K, committed 133824K, reserved 1171456K
  class space    used 17660K, committed 18304K, reserved 1048576K
}
Event: 1462.708 GC heap before
{Heap before GC invocations=95 (full 0):
 garbage-first heap   total 434176K, used 321941K [0x0000000080000000, 0x0000000100000000)
  region size 1024K, 155 young (158720K), 5 survivors (5120K)
 Metaspace       used 132575K, committed 134016K, reserved 1171456K
  class space    used 17660K, committed 18304K, reserved 1048576K
}
Event: 1462.733 GC heap after
{Heap after GC invocations=96 (full 0):
 garbage-first heap   total 434176K, used 138240K [0x0000000080000000, 0x0000000100000000)
  region size 1024K, 8 young (8192K), 8 survivors (8192K)
 Metaspace       used 132575K, committed 134016K, reserved 1171456K
  class space    used 17660K, committed 18304K, reserved 1048576K
}
Event: 1463.047 GC heap before
{Heap before GC invocations=96 (full 0):
 garbage-first heap   total 434176K, used 151552K [0x0000000080000000, 0x0000000100000000)
  region size 1024K, 21 young (21504K), 8 survivors (8192K)
 Metaspace       used 132607K, committed 134016K, reserved 1171456K
  class space    used 17660K, committed 18304K, reserved 1048576K
}
Event: 1463.079 GC heap after
{Heap after GC invocations=97 (full 0):
 garbage-first heap   total 434176K, used 131149K [0x0000000080000000, 0x0000000100000000)
  region size 1024K, 3 young (3072K), 3 survivors (3072K)
 Metaspace       used 132607K, committed 134016K, reserved 1171456K
  class space    used 17660K, committed 18304K, reserved 1048576K
}
Event: 1463.801 GC heap before
{Heap before GC invocations=97 (full 0):
 garbage-first heap   total 434176K, used 153677K [0x0000000080000000, 0x0000000100000000)
  region size 1024K, 27 young (27648K), 3 survivors (3072K)
 Metaspace       used 132640K, committed 134080K, reserved 1171456K
  class space    used 17660K, committed 18304K, reserved 1048576K
}

