# JRE version: OpenJDK Runtime Environment (17.0.6) (build 17.0.6+0-b2043.56-10027231)
# Java VM: OpenJDK 64-Bit Server VM (17.0.6+0-b2043.56-10027231, mixed mode, tiered, compressed oops, compressed class ptrs, g1 gc, windows-amd64)
GC Precious Log:
 CPUs: 2 total, 2 available
 Memory: 11680M
 Large Page Support: Disabled
 NUMA Support: Disabled
 Compressed Oops: Enabled (32-bit)
 Heap Region Size: 1M
 Heap Min Capacity: 8M
 Heap Initial Capacity: 184M
 Heap Max Capacity: 2G
 Pre-touch: Disabled
 Parallel Workers: 2
 Concurrent Workers: 1
 Concurrent Refinement Workers: 2
 Periodic GC: Disabled
Heap:
 garbage-first heap   total 486400K, used 206995K [0x0000000080000000, 0x0000000100000000)
  region size 1024K, 11 young (11264K), 11 survivors (11264K)
 Metaspace       used 178470K, committed 180096K, reserved 1212416K
  class space    used 23317K, committed 24064K, reserved 1048576K
GC Heap History (20 events):
Event: 3511.801 GC heap after
{Heap after GC invocations=105 (full 0):
 garbage-first heap   total 406528K, used 125424K [0x0000000080000000, 0x0000000100000000)
  region size 1024K, 2 young (2048K), 2 survivors (2048K)
 Metaspace       used 136049K, committed 137472K, reserved 1171456K
  class space    used 17956K, committed 18624K, reserved 1048576K
}
Event: 3550.334 GC heap before
{Heap before GC invocations=105 (full 0):
 garbage-first heap   total 406528K, used 213488K [0x0000000080000000, 0x0000000100000000)
  region size 1024K, 90 young (92160K), 2 survivors (2048K)
 Metaspace       used 136512K, committed 137920K, reserved 1171456K
  class space    used 17987K, committed 18624K, reserved 1048576K
}
Event: 3550.369 GC heap after
{Heap after GC invocations=106 (full 0):
 garbage-first heap   total 406528K, used 133662K [0x0000000080000000, 0x0000000100000000)
  region size 1024K, 10 young (10240K), 10 survivors (10240K)
 Metaspace       used 136512K, committed 137920K, reserved 1171456K
  class space    used 17987K, committed 18624K, reserved 1048576K
}
Event: 4612.339 GC heap before
{Heap before GC invocations=107 (full 0):
 garbage-first heap   total 406528K, used 339486K [0x0000000080000000, 0x0000000100000000)
  region size 1024K, 171 young (175104K), 10 survivors (10240K)
 Metaspace       used 138980K, committed 140544K, reserved 1171456K
  class space    used 18372K, committed 19136K, reserved 1048576K
}
Event: 4612.387 GC heap after
{Heap after GC invocations=108 (full 0):
 garbage-first heap   total 406528K, used 165658K [0x0000000080000000, 0x0000000100000000)
  region size 1024K, 19 young (19456K), 19 survivors (19456K)
 Metaspace       used 138980K, committed 140544K, reserved 1171456K
  class space    used 18372K, committed 19136K, reserved 1048576K
}
Event: 4612.413 GC heap before
{Heap before GC invocations=108 (full 0):
 garbage-first heap   total 406528K, used 166682K [0x0000000080000000, 0x0000000100000000)
  region size 1024K, 20 young (20480K), 19 survivors (19456K)
 Metaspace       used 138980K, committed 140544K, reserved 1171456K
  class space    used 18372K, committed 19136K, reserved 1048576K
}
Event: 4612.470 GC heap after
{Heap after GC invocations=109 (full 0):
 garbage-first heap   total 406528K, used 156611K [0x0000000080000000, 0x0000000100000000)
  region size 1024K, 1 young (1024K), 1 survivors (1024K)
 Metaspace       used 138980K, committed 140544K, reserved 1171456K
  class space    used 18372K, committed 19136K, reserved 1048576K
}
Event: 4615.088 GC heap before
{Heap before GC invocations=109 (full 0):
 garbage-first heap   total 406528K, used 219075K [0x0000000080000000, 0x0000000100000000)
  region size 1024K, 64 young (65536K), 1 survivors (1024K)
 Metaspace       used 146260K, committed 147840K, reserved 1179648K
  class space    used 19743K, committed 20480K, reserved 1048576K
}
Event: 4615.106 GC heap after
{Heap after GC invocations=110 (full 0):
 garbage-first heap   total 406528K, used 159683K [0x0000000080000000, 0x0000000100000000)
  region size 1024K, 4 young (4096K), 4 survivors (4096K)
 Metaspace       used 146260K, committed 147840K, reserved 1179648K
  class space    used 19743K, committed 20480K, reserved 1048576K
}
Event: 4619.572 GC heap before
{Heap before GC invocations=111 (full 0):
 garbage-first heap   total 406528K, used 319427K [0x0000000080000000, 0x0000000100000000)
  region size 1024K, 150 young (153600K), 4 survivors (4096K)
 Metaspace       used 154939K, committed 156480K, reserved 1187840K
  class space    used 20787K, committed 21504K, reserved 1048576K
}
Event: 4619.669 GC heap after
{Heap after GC invocations=112 (full 0):
 garbage-first heap   total 406528K, used 191212K [0x0000000080000000, 0x0000000100000000)
  region size 1024K, 19 young (19456K), 19 survivors (19456K)
 Metaspace       used 154939K, committed 156480K, reserved 1187840K
  class space    used 20787K, committed 21504K, reserved 1048576K
}
Event: 4619.741 GC heap before
{Heap before GC invocations=112 (full 0):
 garbage-first heap   total 406528K, used 192236K [0x0000000080000000, 0x0000000100000000)
  region size 1024K, 20 young (20480K), 19 survivors (19456K)
 Metaspace       used 155013K, committed 156544K, reserved 1187840K
  class space    used 20796K, committed 21504K, reserved 1048576K
}
Event: 4619.827 GC heap after
{Heap after GC invocations=113 (full 0):
 garbage-first heap   total 406528K, used 183296K [0x0000000080000000, 0x0000000100000000)
  region size 1024K, 1 young (1024K), 1 survivors (1024K)
 Metaspace       used 155013K, committed 156544K, reserved 1187840K
  class space    used 20796K, committed 21504K, reserved 1048576K
}
Event: 4620.113 GC heap before
{Heap before GC invocations=113 (full 0):
 garbage-first heap   total 406528K, used 190464K [0x0000000080000000, 0x0000000100000000)
  region size 1024K, 9 young (9216K), 1 survivors (1024K)
 Metaspace       used 155945K, committed 157504K, reserved 1187840K
  class space    used 20908K, committed 21632K, reserved 1048576K
}
Event: 4620.130 GC heap after
{Heap after GC invocations=114 (full 0):
 garbage-first heap   total 406528K, used 183296K [0x0000000080000000, 0x0000000100000000)
  region size 1024K, 1 young (1024K), 1 survivors (1024K)
 Metaspace       used 155945K, committed 157504K, reserved 1187840K
  class space    used 20908K, committed 21632K, reserved 1048576K
}
Event: 4625.101 GC heap before
{Heap before GC invocations=115 (full 0):
 garbage-first heap   total 406528K, used 324608K [0x0000000080000000, 0x0000000100000000)
  region size 1024K, 132 young (135168K), 1 survivors (1024K)
 Metaspace       used 169763K, committed 171264K, reserved 1204224K
  class space    used 22444K, committed 23168K, reserved 1048576K
}
Event: 4625.128 GC heap after
{Heap after GC invocations=116 (full 0):
 garbage-first heap   total 406528K, used 199484K [0x0000000080000000, 0x0000000100000000)
  region size 1024K, 11 young (11264K), 11 survivors (11264K)
 Metaspace       used 169763K, committed 171264K, reserved 1204224K
  class space    used 22444K, committed 23168K, reserved 1048576K
}
Event: 4625.314 GC heap before
{Heap before GC invocations=116 (full 0):
 garbage-first heap   total 406528K, used 207676K [0x0000000080000000, 0x0000000100000000)
  region size 1024K, 19 young (19456K), 11 survivors (11264K)
 Metaspace       used 170212K, committed 171712K, reserved 1204224K
  class space    used 22501K, committed 23232K, reserved 1048576K
}
Event: 4625.368 GC heap after
{Heap after GC invocations=117 (full 0):
 garbage-first heap   total 406528K, used 196847K [0x0000000080000000, 0x0000000100000000)
  region size 1024K, 1 young (1024K), 1 survivors (1024K)
 Metaspace       used 170212K, committed 171712K, reserved 1204224K
  class space    used 22501K, committed 23232K, reserved 1048576K
}
Event: 4631.897 GC heap before
{Heap before GC invocations=117 (full 0):
 garbage-first heap   total 406528K, used 323823K [0x0000000080000000, 0x0000000100000000)
  region size 1024K, 125 young (128000K), 1 survivors (1024K)
 Metaspace       used 178470K, committed 180096K, reserved 1212416K
  class space    used 23317K, committed 24064K, reserved 1048576K
}

