# JRE version: OpenJDK Runtime Environment (17.0.6) (build 17.0.6+0-b2043.56-10027231)
# Java VM: OpenJDK 64-Bit Server VM (17.0.6+0-b2043.56-10027231, mixed mode, tiered, compressed oops, compressed class ptrs, g1 gc, windows-amd64)
GC Precious Log:
 CPUs: 2 total, 2 available
 Memory: 11680M
 Large Page Support: Disabled
 NUMA Support: Disabled
 Compressed Oops: Enabled (32-bit)
 Heap Region Size: 1M
 Heap Min Capacity: 8M
 Heap Initial Capacity: 184M
 Heap Max Capacity: 2G
 Pre-touch: Disabled
 Parallel Workers: 2
 Concurrent Workers: 1
 Concurrent Refinement Workers: 2
 Periodic GC: Disabled
Heap:
 garbage-first heap   total 406528K, used 226816K [0x0000000080000000, 0x0000000100000000)
  region size 1024K, 2 young (2048K), 2 survivors (2048K)
 Metaspace       used 149377K, committed 150848K, reserved 1187840K
  class space    used 19271K, committed 19968K, reserved 1048576K
GC Heap History (20 events):
Event: 5280.921 GC heap after
{Heap after GC invocations=104 (full 0):
 garbage-first heap   total 406528K, used 141030K [0x0000000080000000, 0x0000000100000000)
  region size 1024K, 5 young (5120K), 5 survivors (5120K)
 Metaspace       used 140267K, committed 141632K, reserved 1171456K
  class space    used 18388K, committed 19072K, reserved 1048576K
}
Event: 5281.205 GC heap before
{Heap before GC invocations=104 (full 0):
 garbage-first heap   total 406528K, used 154342K [0x0000000080000000, 0x0000000100000000)
  region size 1024K, 19 young (19456K), 5 survivors (5120K)
 Metaspace       used 140275K, committed 141632K, reserved 1171456K
  class space    used 18388K, committed 19072K, reserved 1048576K
}
Event: 5281.232 GC heap after
{Heap after GC invocations=105 (full 0):
 garbage-first heap   total 406528K, used 138240K [0x0000000080000000, 0x0000000100000000)
  region size 1024K, 2 young (2048K), 2 survivors (2048K)
 Metaspace       used 140275K, committed 141632K, reserved 1171456K
  class space    used 18388K, committed 19072K, reserved 1048576K
}
Event: 5336.361 GC heap before
{Heap before GC invocations=105 (full 0):
 garbage-first heap   total 406528K, used 262144K [0x0000000080000000, 0x0000000100000000)
  region size 1024K, 125 young (128000K), 2 survivors (2048K)
 Metaspace       used 141769K, committed 143232K, reserved 1179648K
  class space    used 18549K, committed 19264K, reserved 1048576K
}
Event: 5336.420 GC heap after
{Heap after GC invocations=106 (full 0):
 garbage-first heap   total 406528K, used 157184K [0x0000000080000000, 0x0000000100000000)
  region size 1024K, 16 young (16384K), 16 survivors (16384K)
 Metaspace       used 141769K, committed 143232K, reserved 1179648K
  class space    used 18549K, committed 19264K, reserved 1048576K
}
Event: 5341.591 GC heap before
{Heap before GC invocations=107 (full 0):
 garbage-first heap   total 406528K, used 300544K [0x0000000080000000, 0x0000000100000000)
  region size 1024K, 135 young (138240K), 16 survivors (16384K)
 Metaspace       used 144972K, committed 146432K, reserved 1179648K
  class space    used 18886K, committed 19584K, reserved 1048576K
}
Event: 5341.626 GC heap after
{Heap after GC invocations=108 (full 0):
 garbage-first heap   total 406528K, used 143344K [0x0000000080000000, 0x0000000100000000)
  region size 1024K, 7 young (7168K), 7 survivors (7168K)
 Metaspace       used 144972K, committed 146432K, reserved 1179648K
  class space    used 18886K, committed 19584K, reserved 1048576K
}
Event: 5342.272 GC heap before
{Heap before GC invocations=108 (full 0):
 garbage-first heap   total 406528K, used 155632K [0x0000000080000000, 0x0000000100000000)
  region size 1024K, 19 young (19456K), 7 survivors (7168K)
 Metaspace       used 145518K, committed 147008K, reserved 1179648K
  class space    used 18927K, committed 19648K, reserved 1048576K
}
Event: 5342.298 GC heap after
{Heap after GC invocations=109 (full 0):
 garbage-first heap   total 406528K, used 132744K [0x0000000080000000, 0x0000000100000000)
  region size 1024K, 3 young (3072K), 3 survivors (3072K)
 Metaspace       used 145518K, committed 147008K, reserved 1179648K
  class space    used 18927K, committed 19648K, reserved 1048576K
}
Event: 5346.738 GC heap before
{Heap before GC invocations=109 (full 0):
 garbage-first heap   total 406528K, used 258696K [0x0000000080000000, 0x0000000100000000)
  region size 1024K, 128 young (131072K), 3 survivors (3072K)
 Metaspace       used 147940K, committed 149376K, reserved 1179648K
  class space    used 19119K, committed 19840K, reserved 1048576K
}
Event: 5346.748 GC heap after
{Heap after GC invocations=110 (full 0):
 garbage-first heap   total 406528K, used 133768K [0x0000000080000000, 0x0000000100000000)
  region size 1024K, 4 young (4096K), 4 survivors (4096K)
 Metaspace       used 147940K, committed 149376K, reserved 1179648K
  class space    used 19119K, committed 19840K, reserved 1048576K
}
Event: 5353.124 GC heap before
{Heap before GC invocations=111 (full 0):
 garbage-first heap   total 406528K, used 341640K [0x0000000080000000, 0x0000000100000000)
  region size 1024K, 160 young (163840K), 4 survivors (4096K)
 Metaspace       used 149252K, committed 150720K, reserved 1187840K
  class space    used 19268K, committed 19968K, reserved 1048576K
}
Event: 5353.273 GC heap after
{Heap after GC invocations=112 (full 0):
 garbage-first heap   total 406528K, used 201219K [0x0000000080000000, 0x0000000100000000)
  region size 1024K, 20 young (20480K), 20 survivors (20480K)
 Metaspace       used 149252K, committed 150720K, reserved 1187840K
  class space    used 19268K, committed 19968K, reserved 1048576K
}
Event: 5353.320 GC heap before
{Heap before GC invocations=112 (full 0):
 garbage-first heap   total 406528K, used 202243K [0x0000000080000000, 0x0000000100000000)
  region size 1024K, 21 young (21504K), 20 survivors (20480K)
 Metaspace       used 149253K, committed 150720K, reserved 1187840K
  class space    used 19268K, committed 19968K, reserved 1048576K
}
Event: 5353.421 GC heap after
{Heap after GC invocations=113 (full 0):
 garbage-first heap   total 406528K, used 194048K [0x0000000080000000, 0x0000000100000000)
  region size 1024K, 1 young (1024K), 1 survivors (1024K)
 Metaspace       used 149253K, committed 150720K, reserved 1187840K
  class space    used 19268K, committed 19968K, reserved 1048576K
}
Event: 5355.306 GC heap before
{Heap before GC invocations=113 (full 0):
 garbage-first heap   total 406528K, used 294400K [0x0000000080000000, 0x0000000100000000)
  region size 1024K, 100 young (102400K), 1 survivors (1024K)
 Metaspace       used 149336K, committed 150848K, reserved 1187840K
  class space    used 19269K, committed 19968K, reserved 1048576K
}
Event: 5355.437 GC heap after
{Heap after GC invocations=114 (full 0):
 garbage-first heap   total 406528K, used 243200K [0x0000000080000000, 0x0000000100000000)
  region size 1024K, 13 young (13312K), 13 survivors (13312K)
 Metaspace       used 149336K, committed 150848K, reserved 1187840K
  class space    used 19269K, committed 19968K, reserved 1048576K
}
Event: 5357.989 GC heap before
{Heap before GC invocations=115 (full 0):
 garbage-first heap   total 406528K, used 293376K [0x0000000080000000, 0x0000000100000000)
  region size 1024K, 75 young (76800K), 13 survivors (13312K)
 Metaspace       used 149361K, committed 150848K, reserved 1187840K
  class space    used 19271K, committed 19968K, reserved 1048576K
}
Event: 5358.071 GC heap after
{Heap after GC invocations=116 (full 0):
 garbage-first heap   total 406528K, used 236544K [0x0000000080000000, 0x0000000100000000)
  region size 1024K, 7 young (7168K), 7 survivors (7168K)
 Metaspace       used 149361K, committed 150848K, reserved 1187840K
  class space    used 19271K, committed 19968K, reserved 1048576K
}
Event: 5358.427 GC heap before
{Heap before GC invocations=116 (full 0):
 garbage-first heap   total 406528K, used 247808K [0x0000000080000000, 0x0000000100000000)
  region size 1024K, 19 young (19456K), 7 survivors (7168K)
 Metaspace       used 149377K, committed 150848K, reserved 1187840K
  class space    used 19271K, committed 19968K, reserved 1048576K
}

