# JRE version: OpenJDK Runtime Environment (17.0.6) (build 17.0.6+0-b2043.56-10027231)
# Java VM: OpenJDK 64-Bit Server VM (17.0.6+0-b2043.56-10027231, mixed mode, tiered, compressed oops, compressed class ptrs, g1 gc, windows-amd64)
GC Precious Log:
 CPUs: 2 total, 2 available
 Memory: 11680M
 Large Page Support: Disabled
 NUMA Support: Disabled
 Compressed Oops: Enabled (Zero based)
 Heap Region Size: 2M
 Heap Min Capacity: 8M
 Heap Initial Capacity: 184M
 Heap Max Capacity: 2922M
 Pre-touch: Disabled
 Parallel Workers: 2
 Concurrent Workers: 1
 Concurrent Refinement Workers: 2
 Periodic GC: Disabled
Heap:
 garbage-first heap   total 188416K, used 120765K [0x0000000749600000, 0x0000000800000000)
  region size 2048K, 2 young (4096K), 2 survivors (4096K)
 Metaspace       used 75629K, committed 76096K, reserved 1122304K
  class space    used 8234K, committed 8448K, reserved 1048576K
GC Heap History (20 events):
Event: 46.793 GC heap after
{Heap after GC invocations=40 (full 0):
 garbage-first heap   total 153600K, used 90537K [0x0000000749600000, 0x0000000800000000)
  region size 2048K, 2 young (4096K), 2 survivors (4096K)
 Metaspace       used 68116K, committed 68608K, reserved 1114112K
  class space    used 7618K, committed 7872K, reserved 1048576K
}
Event: 46.927 GC heap before
{Heap before GC invocations=40 (full 0):
 garbage-first heap   total 153600K, used 92585K [0x0000000749600000, 0x0000000800000000)
  region size 2048K, 3 young (6144K), 2 survivors (4096K)
 Metaspace       used 68120K, committed 68608K, reserved 1114112K
  class space    used 7618K, committed 7872K, reserved 1048576K
}
Event: 46.947 GC heap after
{Heap after GC invocations=41 (full 0):
 garbage-first heap   total 153600K, used 90364K [0x0000000749600000, 0x0000000800000000)
  region size 2048K, 1 young (2048K), 1 survivors (2048K)
 Metaspace       used 68120K, committed 68608K, reserved 1114112K
  class space    used 7618K, committed 7872K, reserved 1048576K
}
Event: 50.041 GC heap before
{Heap before GC invocations=41 (full 0):
 garbage-first heap   total 153600K, used 127228K [0x0000000749600000, 0x0000000800000000)
  region size 2048K, 19 young (38912K), 1 survivors (2048K)
 Metaspace       used 68473K, committed 68928K, reserved 1114112K
  class space    used 7623K, committed 7872K, reserved 1048576K
}
Event: 50.056 GC heap after
{Heap after GC invocations=42 (full 0):
 garbage-first heap   total 153600K, used 92565K [0x0000000749600000, 0x0000000800000000)
  region size 2048K, 2 young (4096K), 2 survivors (4096K)
 Metaspace       used 68473K, committed 68928K, reserved 1114112K
  class space    used 7623K, committed 7872K, reserved 1048576K
}
Event: 53.455 GC heap before
{Heap before GC invocations=43 (full 0):
 garbage-first heap   total 161792K, used 127381K [0x0000000749600000, 0x0000000800000000)
  region size 2048K, 19 young (38912K), 2 survivors (4096K)
 Metaspace       used 68623K, committed 69056K, reserved 1114112K
  class space    used 7623K, committed 7872K, reserved 1048576K
}
Event: 53.474 GC heap after
{Heap after GC invocations=44 (full 0):
 garbage-first heap   total 161792K, used 94469K [0x0000000749600000, 0x0000000800000000)
  region size 2048K, 3 young (6144K), 3 survivors (6144K)
 Metaspace       used 68623K, committed 69056K, reserved 1114112K
  class space    used 7623K, committed 7872K, reserved 1048576K
}
Event: 53.626 GC heap before
{Heap before GC invocations=44 (full 0):
 garbage-first heap   total 161792K, used 96517K [0x0000000749600000, 0x0000000800000000)
  region size 2048K, 4 young (8192K), 3 survivors (6144K)
 Metaspace       used 68651K, committed 69120K, reserved 1114112K
  class space    used 7623K, committed 7872K, reserved 1048576K
}
Event: 53.674 GC heap after
{Heap after GC invocations=45 (full 0):
 garbage-first heap   total 161792K, used 94159K [0x0000000749600000, 0x0000000800000000)
  region size 2048K, 1 young (2048K), 1 survivors (2048K)
 Metaspace       used 68651K, committed 69120K, reserved 1114112K
  class space    used 7623K, committed 7872K, reserved 1048576K
}
Event: 56.503 GC heap before
{Heap before GC invocations=45 (full 0):
 garbage-first heap   total 161792K, used 135119K [0x0000000749600000, 0x0000000800000000)
  region size 2048K, 21 young (43008K), 1 survivors (2048K)
 Metaspace       used 68930K, committed 69376K, reserved 1114112K
  class space    used 7623K, committed 7872K, reserved 1048576K
}
Event: 56.517 GC heap after
{Heap after GC invocations=46 (full 0):
 garbage-first heap   total 161792K, used 96501K [0x0000000749600000, 0x0000000800000000)
  region size 2048K, 2 young (4096K), 2 survivors (4096K)
 Metaspace       used 68930K, committed 69376K, reserved 1114112K
  class space    used 7623K, committed 7872K, reserved 1048576K
}
Event: 58.784 GC heap before
{Heap before GC invocations=47 (full 0):
 garbage-first heap   total 167936K, used 133365K [0x0000000749600000, 0x0000000800000000)
  region size 2048K, 20 young (40960K), 2 survivors (4096K)
 Metaspace       used 69497K, committed 69888K, reserved 1114112K
  class space    used 7664K, committed 7872K, reserved 1048576K
}
Event: 58.804 GC heap after
{Heap after GC invocations=48 (full 0):
 garbage-first heap   total 167936K, used 98945K [0x0000000749600000, 0x0000000800000000)
  region size 2048K, 3 young (6144K), 3 survivors (6144K)
 Metaspace       used 69497K, committed 69888K, reserved 1114112K
  class space    used 7664K, committed 7872K, reserved 1048576K
}
Event: 61.091 GC heap before
{Heap before GC invocations=48 (full 0):
 garbage-first heap   total 167936K, used 139905K [0x0000000749600000, 0x0000000800000000)
  region size 2048K, 23 young (47104K), 3 survivors (6144K)
 Metaspace       used 73720K, committed 74112K, reserved 1122304K
  class space    used 8058K, committed 8256K, reserved 1048576K
}
Event: 61.113 GC heap after
{Heap after GC invocations=49 (full 0):
 garbage-first heap   total 167936K, used 100281K [0x0000000749600000, 0x0000000800000000)
  region size 2048K, 2 young (4096K), 2 survivors (4096K)
 Metaspace       used 73720K, committed 74112K, reserved 1122304K
  class space    used 8058K, committed 8256K, reserved 1048576K
}
Event: 63.631 GC heap before
{Heap before GC invocations=49 (full 0):
 garbage-first heap   total 167936K, used 139193K [0x0000000749600000, 0x0000000800000000)
  region size 2048K, 21 young (43008K), 2 survivors (4096K)
 Metaspace       used 75446K, committed 75904K, reserved 1122304K
  class space    used 8234K, committed 8448K, reserved 1048576K
}
Event: 63.665 GC heap after
{Heap after GC invocations=50 (full 0):
 garbage-first heap   total 167936K, used 107834K [0x0000000749600000, 0x0000000800000000)
  region size 2048K, 3 young (6144K), 3 survivors (6144K)
 Metaspace       used 75446K, committed 75904K, reserved 1122304K
  class space    used 8234K, committed 8448K, reserved 1048576K
}
Event: 64.704 GC heap before
{Heap before GC invocations=50 (full 0):
 garbage-first heap   total 167936K, used 138554K [0x0000000749600000, 0x0000000800000000)
  region size 2048K, 18 young (36864K), 3 survivors (6144K)
 Metaspace       used 75554K, committed 76032K, reserved 1122304K
  class space    used 8234K, committed 8448K, reserved 1048576K
}
Event: 64.747 GC heap after
{Heap after GC invocations=51 (full 0):
 garbage-first heap   total 167936K, used 115524K [0x0000000749600000, 0x0000000800000000)
  region size 2048K, 3 young (6144K), 3 survivors (6144K)
 Metaspace       used 75554K, committed 76032K, reserved 1122304K
  class space    used 8234K, committed 8448K, reserved 1048576K
}
Event: 65.469 GC heap before
{Heap before GC invocations=51 (full 0):
 garbage-first heap   total 167936K, used 136004K [0x0000000749600000, 0x0000000800000000)
  region size 2048K, 13 young (26624K), 3 survivors (6144K)
 Metaspace       used 75629K, committed 76096K, reserved 1122304K
  class space    used 8234K, committed 8448K, reserved 1048576K
}

