# JRE version: OpenJDK Runtime Environment (17.0.6) (build 17.0.6+0-b2043.56-10027231)
# Java VM: OpenJDK 64-Bit Server VM (17.0.6+0-b2043.56-10027231, mixed mode, tiered, compressed oops, compressed class ptrs, g1 gc, windows-amd64)
GC Precious Log:
 CPUs: 2 total, 2 available
 Memory: 11680M
 Large Page Support: Disabled
 NUMA Support: Disabled
 Compressed Oops: Enabled (32-bit)
 Heap Region Size: 1M
 Heap Min Capacity: 8M
 Heap Initial Capacity: 184M
 Heap Max Capacity: 2G
 Pre-touch: Disabled
 Parallel Workers: 2
 Concurrent Workers: 1
 Concurrent Refinement Workers: 2
 Periodic GC: Disabled
Heap:
 garbage-first heap   total 467968K, used 188494K [0x0000000080000000, 0x0000000100000000)
  region size 1024K, 58 young (59392K), 1 survivors (1024K)
 Metaspace       used 144105K, committed 145984K, reserved 1179648K
  class space    used 18758K, committed 19648K, reserved 1048576K
GC Heap History (20 events):
Event: 10341.709 GC heap before
{Heap before GC invocations=112 (full 0):
 garbage-first heap   total 519168K, used 170978K [0x0000000080000000, 0x0000000100000000)
  region size 1024K, 25 young (25600K), 14 survivors (14336K)
 Metaspace       used 142943K, committed 144768K, reserved 1179648K
  class space    used 18701K, committed 19584K, reserved 1048576K
}
Event: 10341.758 GC heap after
{Heap after GC invocations=113 (full 0):
 garbage-first heap   total 519168K, used 157332K [0x0000000080000000, 0x0000000100000000)
  region size 1024K, 4 young (4096K), 4 survivors (4096K)
 Metaspace       used 142943K, committed 144768K, reserved 1179648K
  class space    used 18701K, committed 19584K, reserved 1048576K
}
Event: 10342.067 GC heap before
{Heap before GC invocations=113 (full 0):
 garbage-first heap   total 519168K, used 188052K [0x0000000080000000, 0x0000000100000000)
  region size 1024K, 36 young (36864K), 4 survivors (4096K)
 Metaspace       used 142945K, committed 144768K, reserved 1179648K
  class space    used 18701K, committed 19584K, reserved 1048576K
}
Event: 10342.107 GC heap after
{Heap after GC invocations=114 (full 0):
 garbage-first heap   total 519168K, used 173716K [0x0000000080000000, 0x0000000100000000)
  region size 1024K, 20 young (20480K), 20 survivors (20480K)
 Metaspace       used 142945K, committed 144768K, reserved 1179648K
  class space    used 18701K, committed 19584K, reserved 1048576K
}
Event: 10983.088 GC heap before
{Heap before GC invocations=115 (full 0):
 garbage-first heap   total 519168K, used 316416K [0x0000000080000000, 0x0000000100000000)
  region size 1024K, 137 young (140288K), 20 survivors (20480K)
 Metaspace       used 143060K, committed 144896K, reserved 1179648K
  class space    used 18702K, committed 19584K, reserved 1048576K
}
Event: 10983.112 GC heap after
{Heap after GC invocations=116 (full 0):
 garbage-first heap   total 519168K, used 146718K [0x0000000080000000, 0x0000000100000000)
  region size 1024K, 6 young (6144K), 6 survivors (6144K)
 Metaspace       used 143060K, committed 144896K, reserved 1179648K
  class space    used 18702K, committed 19584K, reserved 1048576K
}
Event: 10983.737 GC heap before
{Heap before GC invocations=116 (full 0):
 garbage-first heap   total 519168K, used 165150K [0x0000000080000000, 0x0000000100000000)
  region size 1024K, 25 young (25600K), 6 survivors (6144K)
 Metaspace       used 143110K, committed 144960K, reserved 1179648K
  class space    used 18702K, committed 19584K, reserved 1048576K
}
Event: 10983.760 GC heap after
{Heap after GC invocations=117 (full 0):
 garbage-first heap   total 519168K, used 132096K [0x0000000080000000, 0x0000000100000000)
  region size 1024K, 3 young (3072K), 3 survivors (3072K)
 Metaspace       used 143110K, committed 144960K, reserved 1179648K
  class space    used 18702K, committed 19584K, reserved 1048576K
}
Event: 10998.882 GC heap before
{Heap before GC invocations=117 (full 0):
 garbage-first heap   total 519168K, used 287744K [0x0000000080000000, 0x0000000100000000)
  region size 1024K, 156 young (159744K), 3 survivors (3072K)
 Metaspace       used 143662K, committed 145536K, reserved 1179648K
  class space    used 18744K, committed 19648K, reserved 1048576K
}
Event: 10998.919 GC heap after
{Heap after GC invocations=118 (full 0):
 garbage-first heap   total 519168K, used 141687K [0x0000000080000000, 0x0000000100000000)
  region size 1024K, 13 young (13312K), 13 survivors (13312K)
 Metaspace       used 143662K, committed 145536K, reserved 1179648K
  class space    used 18744K, committed 19648K, reserved 1048576K
}
Event: 11594.070 GC heap before
{Heap before GC invocations=119 (full 0):
 garbage-first heap   total 467968K, used 314743K [0x0000000080000000, 0x0000000100000000)
  region size 1024K, 167 young (171008K), 13 survivors (13312K)
 Metaspace       used 143822K, committed 145664K, reserved 1179648K
  class space    used 18755K, committed 19648K, reserved 1048576K
}
Event: 11594.117 GC heap after
{Heap after GC invocations=120 (full 0):
 garbage-first heap   total 467968K, used 142254K [0x0000000080000000, 0x0000000100000000)
  region size 1024K, 14 young (14336K), 14 survivors (14336K)
 Metaspace       used 143822K, committed 145664K, reserved 1179648K
  class space    used 18755K, committed 19648K, reserved 1048576K
}
Event: 11594.614 GC heap before
{Heap before GC invocations=120 (full 0):
 garbage-first heap   total 467968K, used 149422K [0x0000000080000000, 0x0000000100000000)
  region size 1024K, 22 young (22528K), 14 survivors (14336K)
 Metaspace       used 143834K, committed 145664K, reserved 1179648K
  class space    used 18755K, committed 19648K, reserved 1048576K
}
Event: 11594.671 GC heap after
{Heap after GC invocations=121 (full 0):
 garbage-first heap   total 467968K, used 128709K [0x0000000080000000, 0x0000000100000000)
  region size 1024K, 3 young (3072K), 3 survivors (3072K)
 Metaspace       used 143834K, committed 145664K, reserved 1179648K
  class space    used 18755K, committed 19648K, reserved 1048576K
}
Event: 11604.199 GC heap before
{Heap before GC invocations=121 (full 0):
 garbage-first heap   total 467968K, used 285381K [0x0000000080000000, 0x0000000100000000)
  region size 1024K, 158 young (161792K), 3 survivors (3072K)
 Metaspace       used 143886K, committed 145792K, reserved 1179648K
  class space    used 18756K, committed 19648K, reserved 1048576K
}
Event: 11604.222 GC heap after
{Heap after GC invocations=122 (full 0):
 garbage-first heap   total 467968K, used 131704K [0x0000000080000000, 0x0000000100000000)
  region size 1024K, 6 young (6144K), 6 survivors (6144K)
 Metaspace       used 143886K, committed 145792K, reserved 1179648K
  class space    used 18756K, committed 19648K, reserved 1048576K
}
Event: 13237.296 GC heap before
{Heap before GC invocations=123 (full 0):
 garbage-first heap   total 467968K, used 337528K [0x0000000080000000, 0x0000000100000000)
  region size 1024K, 189 young (193536K), 6 survivors (6144K)
 Metaspace       used 144089K, committed 145984K, reserved 1179648K
  class space    used 18757K, committed 19648K, reserved 1048576K
}
Event: 13237.343 GC heap after
{Heap after GC invocations=124 (full 0):
 garbage-first heap   total 467968K, used 139420K [0x0000000080000000, 0x0000000100000000)
  region size 1024K, 13 young (13312K), 13 survivors (13312K)
 Metaspace       used 144089K, committed 145984K, reserved 1179648K
  class space    used 18757K, committed 19648K, reserved 1048576K
}
Event: 13237.808 GC heap before
{Heap before GC invocations=124 (full 0):
 garbage-first heap   total 467968K, used 147612K [0x0000000080000000, 0x0000000100000000)
  region size 1024K, 22 young (22528K), 13 survivors (13312K)
 Metaspace       used 144089K, committed 145984K, reserved 1179648K
  class space    used 18757K, committed 19648K, reserved 1048576K
}
Event: 13237.856 GC heap after
{Heap after GC invocations=125 (full 0):
 garbage-first heap   total 467968K, used 131150K [0x0000000080000000, 0x0000000100000000)
  region size 1024K, 1 young (1024K), 1 survivors (1024K)
 Metaspace       used 144089K, committed 145984K, reserved 1179648K
  class space    used 18757K, committed 19648K, reserved 1048576K
}

