# JRE version: OpenJDK Runtime Environment (17.0.6) (build 17.0.6+0-b2043.56-10027231)
# Java VM: OpenJDK 64-Bit Server VM (17.0.6+0-b2043.56-10027231, mixed mode, tiered, compressed oops, compressed class ptrs, g1 gc, windows-amd64)
GC Precious Log:
 CPUs: 2 total, 2 available
 Memory: 11680M
 Large Page Support: Disabled
 NUMA Support: Disabled
 Compressed Oops: Enabled (32-bit)
 Heap Region Size: 1M
 Heap Min Capacity: 8M
 Heap Initial Capacity: 184M
 Heap Max Capacity: 2G
 Pre-touch: Disabled
 Parallel Workers: 2
 Concurrent Workers: 1
 Concurrent Refinement Workers: 2
 Periodic GC: Disabled
Heap:
 garbage-first heap   total 307200K, used 120014K [0x0000000080000000, 0x0000000100000000)
  region size 1024K, 2 young (2048K), 2 survivors (2048K)
 Metaspace       used 132642K, committed 134720K, reserved 1171456K
  class space    used 17489K, committed 18496K, reserved 1048576K
GC Heap History (20 events):
Event: 17313.148 GC heap after
{Heap after GC invocations=102 (full 2):
 garbage-first heap   total 307200K, used 119699K [0x0000000080000000, 0x0000000100000000)
  region size 1024K, 1 young (1024K), 1 survivors (1024K)
 Metaspace       used 131704K, committed 133568K, reserved 1171456K
  class space    used 17351K, committed 18240K, reserved 1048576K
}
Event: 17313.549 GC heap before
{Heap before GC invocations=102 (full 2):
 garbage-first heap   total 307200K, used 127891K [0x0000000080000000, 0x0000000100000000)
  region size 1024K, 11 young (11264K), 1 survivors (1024K)
 Metaspace       used 131711K, committed 133568K, reserved 1171456K
  class space    used 17352K, committed 18240K, reserved 1048576K
}
Event: 17313.555 GC heap after
{Heap after GC invocations=103 (full 2):
 garbage-first heap   total 307200K, used 120599K [0x0000000080000000, 0x0000000100000000)
  region size 1024K, 2 young (2048K), 2 survivors (2048K)
 Metaspace       used 131711K, committed 133568K, reserved 1171456K
  class space    used 17352K, committed 18240K, reserved 1048576K
}
Event: 18025.893 GC heap before
{Heap before GC invocations=104 (full 2):
 garbage-first heap   total 307200K, used 234240K [0x0000000080000000, 0x0000000100000000)
  region size 1024K, 97 young (99328K), 2 survivors (2048K)
 Metaspace       used 131941K, committed 133888K, reserved 1171456K
  class space    used 17399K, committed 18304K, reserved 1048576K
}
Event: 18025.928 GC heap after
{Heap after GC invocations=105 (full 2):
 garbage-first heap   total 307200K, used 127793K [0x0000000080000000, 0x0000000100000000)
  region size 1024K, 9 young (9216K), 9 survivors (9216K)
 Metaspace       used 131941K, committed 133888K, reserved 1171456K
  class space    used 17399K, committed 18304K, reserved 1048576K
}
Event: 18026.025 GC heap before
{Heap before GC invocations=105 (full 2):
 garbage-first heap   total 307200K, used 133937K [0x0000000080000000, 0x0000000100000000)
  region size 1024K, 15 young (15360K), 9 survivors (9216K)
 Metaspace       used 131942K, committed 133888K, reserved 1171456K
  class space    used 17399K, committed 18304K, reserved 1048576K
}
Event: 18026.059 GC heap after
{Heap after GC invocations=106 (full 2):
 garbage-first heap   total 307200K, used 120372K [0x0000000080000000, 0x0000000100000000)
  region size 1024K, 2 young (2048K), 2 survivors (2048K)
 Metaspace       used 131942K, committed 133888K, reserved 1171456K
  class space    used 17399K, committed 18304K, reserved 1048576K
}
Event: 18033.500 GC heap before
{Heap before GC invocations=106 (full 2):
 garbage-first heap   total 307200K, used 153140K [0x0000000080000000, 0x0000000100000000)
  region size 1024K, 36 young (36864K), 2 survivors (2048K)
 Metaspace       used 131964K, committed 133888K, reserved 1171456K
  class space    used 17400K, committed 18304K, reserved 1048576K
}
Event: 18033.509 GC heap after
{Heap after GC invocations=107 (full 2):
 garbage-first heap   total 307200K, used 120785K [0x0000000080000000, 0x0000000100000000)
  region size 1024K, 2 young (2048K), 2 survivors (2048K)
 Metaspace       used 131964K, committed 133888K, reserved 1171456K
  class space    used 17400K, committed 18304K, reserved 1048576K
}
Event: 19442.624 GC heap before
{Heap before GC invocations=108 (full 2):
 garbage-first heap   total 307200K, used 243665K [0x0000000080000000, 0x0000000100000000)
  region size 1024K, 107 young (109568K), 2 survivors (2048K)
 Metaspace       used 132002K, committed 133888K, reserved 1171456K
  class space    used 17403K, committed 18304K, reserved 1048576K
}
Event: 19442.663 GC heap after
{Heap after GC invocations=109 (full 2):
 garbage-first heap   total 307200K, used 127591K [0x0000000080000000, 0x0000000100000000)
  region size 1024K, 10 young (10240K), 10 survivors (10240K)
 Metaspace       used 132002K, committed 133888K, reserved 1171456K
  class space    used 17403K, committed 18304K, reserved 1048576K
}
Event: 19442.796 GC heap before
{Heap before GC invocations=109 (full 2):
 garbage-first heap   total 307200K, used 132711K [0x0000000080000000, 0x0000000100000000)
  region size 1024K, 15 young (15360K), 10 survivors (10240K)
 Metaspace       used 132022K, committed 133888K, reserved 1171456K
  class space    used 17406K, committed 18304K, reserved 1048576K
}
Event: 19442.830 GC heap after
{Heap after GC invocations=110 (full 2):
 garbage-first heap   total 307200K, used 118390K [0x0000000080000000, 0x0000000100000000)
  region size 1024K, 1 young (1024K), 1 survivors (1024K)
 Metaspace       used 132022K, committed 133888K, reserved 1171456K
  class space    used 17406K, committed 18304K, reserved 1048576K
}
Event: 19450.796 GC heap before
{Heap before GC invocations=110 (full 2):
 garbage-first heap   total 307200K, used 160374K [0x0000000080000000, 0x0000000100000000)
  region size 1024K, 44 young (45056K), 1 survivors (1024K)
 Metaspace       used 132097K, committed 134016K, reserved 1171456K
  class space    used 17413K, committed 18368K, reserved 1048576K
}
Event: 19450.804 GC heap after
{Heap after GC invocations=111 (full 2):
 garbage-first heap   total 307200K, used 119414K [0x0000000080000000, 0x0000000100000000)
  region size 1024K, 2 young (2048K), 2 survivors (2048K)
 Metaspace       used 132097K, committed 134016K, reserved 1171456K
  class space    used 17413K, committed 18368K, reserved 1048576K
}
Event: 20496.365 GC heap before
{Heap before GC invocations=112 (full 2):
 garbage-first heap   total 307200K, used 246390K [0x0000000080000000, 0x0000000100000000)
  region size 1024K, 111 young (113664K), 2 survivors (2048K)
 Metaspace       used 132616K, committed 134720K, reserved 1171456K
  class space    used 17487K, committed 18496K, reserved 1048576K
}
Event: 20496.404 GC heap after
{Heap after GC invocations=113 (full 2):
 garbage-first heap   total 307200K, used 126128K [0x0000000080000000, 0x0000000100000000)
  region size 1024K, 11 young (11264K), 11 survivors (11264K)
 Metaspace       used 132616K, committed 134720K, reserved 1171456K
  class space    used 17487K, committed 18496K, reserved 1048576K
}
Event: 20496.492 GC heap before
{Heap before GC invocations=113 (full 2):
 garbage-first heap   total 307200K, used 130224K [0x0000000080000000, 0x0000000100000000)
  region size 1024K, 15 young (15360K), 11 survivors (11264K)
 Metaspace       used 132626K, committed 134720K, reserved 1171456K
  class space    used 17489K, committed 18496K, reserved 1048576K
}
Event: 20496.524 GC heap after
{Heap after GC invocations=114 (full 2):
 garbage-first heap   total 307200K, used 119768K [0x0000000080000000, 0x0000000100000000)
  region size 1024K, 1 young (1024K), 1 survivors (1024K)
 Metaspace       used 132626K, committed 134720K, reserved 1171456K
  class space    used 17489K, committed 18496K, reserved 1048576K
}
Event: 20496.976 GC heap before
{Heap before GC invocations=114 (full 2):
 garbage-first heap   total 307200K, used 145368K [0x0000000080000000, 0x0000000100000000)
  region size 1024K, 28 young (28672K), 1 survivors (1024K)
 Metaspace       used 132642K, committed 134720K, reserved 1171456K
  class space    used 17489K, committed 18496K, reserved 1048576K
}

