# JRE version: OpenJDK Runtime Environment (17.0.6) (build 17.0.6+0-b2043.56-10027231)
# Java VM: OpenJDK 64-Bit Server VM (17.0.6+0-b2043.56-10027231, mixed mode, tiered, compressed oops, compressed class ptrs, g1 gc, windows-amd64)
GC Precious Log:
 CPUs: 2 total, 2 available
 Memory: 11680M
 Large Page Support: Disabled
 NUMA Support: Disabled
 Compressed Oops: Enabled (32-bit)
 Heap Region Size: 1M
 Heap Min Capacity: 8M
 Heap Initial Capacity: 184M
 Heap Max Capacity: 2G
 Pre-touch: Disabled
 Parallel Workers: 2
 Concurrent Workers: 1
 Concurrent Refinement Workers: 2
 Periodic GC: Disabled
Heap:
 garbage-first heap   total 552960K, used 173205K [0x0000000080000000, 0x0000000100000000)
  region size 1024K, 34 young (34816K), 1 survivors (1024K)
 Metaspace       used 134849K, committed 135680K, reserved 1171456K
  class space    used 17931K, committed 18368K, reserved 1048576K
GC Heap History (20 events):
Event: 74.931 GC heap before
{Heap before GC invocations=69 (full 0):
 garbage-first heap   total 332800K, used 224143K [0x0000000080000000, 0x0000000100000000)
  region size 1024K, 16 young (16384K), 5 survivors (5120K)
 Metaspace       used 116523K, committed 117312K, reserved 1155072K
  class space    used 15723K, committed 16128K, reserved 1048576K
}
Event: 74.971 GC heap after
{Heap after GC invocations=70 (full 0):
 garbage-first heap   total 688128K, used 219023K [0x0000000080000000, 0x0000000100000000)
  region size 1024K, 2 young (2048K), 2 survivors (2048K)
 Metaspace       used 116523K, committed 117312K, reserved 1155072K
  class space    used 15723K, committed 16128K, reserved 1048576K
}
Event: 77.735 GC heap before
{Heap before GC invocations=70 (full 0):
 garbage-first heap   total 688128K, used 317327K [0x0000000080000000, 0x0000000100000000)
  region size 1024K, 99 young (101376K), 2 survivors (2048K)
 Metaspace       used 120813K, committed 121600K, reserved 1155072K
  class space    used 16317K, committed 16704K, reserved 1048576K
}
Event: 77.799 GC heap after
{Heap after GC invocations=71 (full 0):
 garbage-first heap   total 688128K, used 231823K [0x0000000080000000, 0x0000000100000000)
  region size 1024K, 13 young (13312K), 13 survivors (13312K)
 Metaspace       used 120813K, committed 121600K, reserved 1155072K
  class space    used 16317K, committed 16704K, reserved 1048576K
}
Event: 80.813 GC heap before
{Heap before GC invocations=71 (full 0):
 garbage-first heap   total 688128K, used 337295K [0x0000000080000000, 0x0000000100000000)
  region size 1024K, 101 young (103424K), 13 survivors (13312K)
 Metaspace       used 121509K, committed 122304K, reserved 1155072K
  class space    used 16392K, committed 16768K, reserved 1048576K
}
Event: 80.872 GC heap after
{Heap after GC invocations=72 (full 0):
 garbage-first heap   total 688128K, used 254159K [0x0000000080000000, 0x0000000100000000)
  region size 1024K, 7 young (7168K), 7 survivors (7168K)
 Metaspace       used 121509K, committed 122304K, reserved 1155072K
  class space    used 16392K, committed 16768K, reserved 1048576K
}
Event: 82.063 GC heap before
{Heap before GC invocations=72 (full 0):
 garbage-first heap   total 688128K, used 309455K [0x0000000080000000, 0x0000000100000000)
  region size 1024K, 58 young (59392K), 7 survivors (7168K)
 Metaspace       used 121928K, committed 122688K, reserved 1155072K
  class space    used 16433K, committed 16832K, reserved 1048576K
}
Event: 82.103 GC heap after
{Heap after GC invocations=73 (full 0):
 garbage-first heap   total 688128K, used 263247K [0x0000000080000000, 0x0000000100000000)
  region size 1024K, 5 young (5120K), 5 survivors (5120K)
 Metaspace       used 121928K, committed 122688K, reserved 1155072K
  class space    used 16433K, committed 16832K, reserved 1048576K
}
Event: 82.353 GC heap before
{Heap before GC invocations=73 (full 0):
 garbage-first heap   total 688128K, used 269391K [0x0000000080000000, 0x0000000100000000)
  region size 1024K, 12 young (12288K), 5 survivors (5120K)
 Metaspace       used 121987K, committed 122752K, reserved 1155072K
  class space    used 16444K, committed 16832K, reserved 1048576K
}
Event: 82.376 GC heap after
{Heap after GC invocations=74 (full 0):
 garbage-first heap   total 688128K, used 263631K [0x0000000080000000, 0x0000000100000000)
  region size 1024K, 6 young (6144K), 6 survivors (6144K)
 Metaspace       used 121987K, committed 122752K, reserved 1155072K
  class space    used 16444K, committed 16832K, reserved 1048576K
}
Event: 93.320 GC heap before
{Heap before GC invocations=75 (full 0):
 garbage-first heap   total 688128K, used 457167K [0x0000000080000000, 0x0000000100000000)
  region size 1024K, 168 young (172032K), 6 survivors (6144K)
 Metaspace       used 123155K, committed 123904K, reserved 1163264K
  class space    used 16574K, committed 16960K, reserved 1048576K
}
Event: 93.456 GC heap after
{Heap after GC invocations=76 (full 0):
 garbage-first heap   total 688128K, used 259884K [0x0000000080000000, 0x0000000100000000)
  region size 1024K, 19 young (19456K), 19 survivors (19456K)
 Metaspace       used 123155K, committed 123904K, reserved 1163264K
  class space    used 16574K, committed 16960K, reserved 1048576K
}
Event: 94.157 GC heap before
{Heap before GC invocations=76 (full 0):
 garbage-first heap   total 688128K, used 273196K [0x0000000080000000, 0x0000000100000000)
  region size 1024K, 33 young (33792K), 19 survivors (19456K)
 Metaspace       used 123302K, committed 124032K, reserved 1163264K
  class space    used 16587K, committed 16960K, reserved 1048576K
}
Event: 94.234 GC heap after
{Heap after GC invocations=77 (full 0):
 garbage-first heap   total 688128K, used 252673K [0x0000000080000000, 0x0000000100000000)
  region size 1024K, 1 young (1024K), 1 survivors (1024K)
 Metaspace       used 123302K, committed 124032K, reserved 1163264K
  class space    used 16587K, committed 16960K, reserved 1048576K
}
Event: 119.584 GC heap before
{Heap before GC invocations=77 (full 0):
 garbage-first heap   total 688128K, used 311041K [0x0000000080000000, 0x0000000100000000)
  region size 1024K, 60 young (61440K), 1 survivors (1024K)
 Metaspace       used 127730K, committed 128576K, reserved 1163264K
  class space    used 17190K, committed 17600K, reserved 1048576K
}
Event: 119.619 GC heap after
{Heap after GC invocations=78 (full 0):
 garbage-first heap   total 688128K, used 257169K [0x0000000080000000, 0x0000000100000000)
  region size 1024K, 6 young (6144K), 6 survivors (6144K)
 Metaspace       used 127730K, committed 128576K, reserved 1163264K
  class space    used 17190K, committed 17600K, reserved 1048576K
}
Event: 134.128 GC heap before
{Heap before GC invocations=79 (full 0):
 garbage-first heap   total 552960K, used 352401K [0x0000000080000000, 0x0000000100000000)
  region size 1024K, 190 young (194560K), 6 survivors (6144K)
 Metaspace       used 134735K, committed 135616K, reserved 1171456K
  class space    used 17925K, committed 18368K, reserved 1048576K
}
Event: 134.167 GC heap after
{Heap after GC invocations=80 (full 0):
 garbage-first heap   total 552960K, used 163518K [0x0000000080000000, 0x0000000100000000)
  region size 1024K, 9 young (9216K), 9 survivors (9216K)
 Metaspace       used 134735K, committed 135616K, reserved 1171456K
  class space    used 17925K, committed 18368K, reserved 1048576K
}
Event: 135.131 GC heap before
{Heap before GC invocations=80 (full 0):
 garbage-first heap   total 552960K, used 181950K [0x0000000080000000, 0x0000000100000000)
  region size 1024K, 27 young (27648K), 9 survivors (9216K)
 Metaspace       used 134773K, committed 135616K, reserved 1171456K
  class space    used 17926K, committed 18368K, reserved 1048576K
}
Event: 135.157 GC heap after
{Heap after GC invocations=81 (full 0):
 garbage-first heap   total 552960K, used 140437K [0x0000000080000000, 0x0000000100000000)
  region size 1024K, 1 young (1024K), 1 survivors (1024K)
 Metaspace       used 134773K, committed 135616K, reserved 1171456K
  class space    used 17926K, committed 18368K, reserved 1048576K
}

