# JRE version: OpenJDK Runtime Environment (17.0.6) (build 17.0.6+0-b2043.56-10027231)
# Java VM: OpenJDK 64-Bit Server VM (17.0.6+0-b2043.56-10027231, mixed mode, tiered, compressed oops, compressed class ptrs, g1 gc, windows-amd64)
GC Precious Log:
 CPUs: 2 total, 2 available
 Memory: 11680M
 Large Page Support: Disabled
 NUMA Support: Disabled
 Compressed Oops: Enabled (32-bit)
 Heap Region Size: 1M
 Heap Min Capacity: 8M
 Heap Initial Capacity: 184M
 Heap Max Capacity: 2G
 Pre-touch: Disabled
 Parallel Workers: 2
 Concurrent Workers: 1
 Concurrent Refinement Workers: 2
 Periodic GC: Disabled
Heap:
 garbage-first heap   total 460800K, used 296323K [0x0000000080000000, 0x0000000100000000)
  region size 1024K, 158 young (161792K), 6 survivors (6144K)
 Metaspace       used 141604K, committed 143424K, reserved 1179648K
  class space    used 18655K, committed 19520K, reserved 1048576K
GC Heap History (20 events):
Event: 14251.434 GC heap before
{Heap before GC invocations=108 (full 1):
 garbage-first heap   total 293888K, used 143235K [0x0000000080000000, 0x0000000100000000)
  region size 1024K, 4 young (4096K), 2 survivors (2048K)
 Metaspace       used 139063K, committed 140416K, reserved 1171456K
  class space    used 18264K, committed 18944K, reserved 1048576K
}
Event: 14251.449 GC heap after
{Heap after GC invocations=109 (full 1):
 garbage-first heap   total 881664K, used 142723K [0x0000000080000000, 0x0000000100000000)
  region size 1024K, 2 young (2048K), 2 survivors (2048K)
 Metaspace       used 139063K, committed 140416K, reserved 1171456K
  class space    used 18264K, committed 18944K, reserved 1048576K
}
Event: 14900.816 GC heap before
{Heap before GC invocations=110 (full 1):
 garbage-first heap   total 519168K, used 442755K [0x0000000080000000, 0x0000000100000000)
  region size 1024K, 265 young (271360K), 2 survivors (2048K)
 Metaspace       used 139309K, committed 140736K, reserved 1171456K
  class space    used 18272K, committed 18944K, reserved 1048576K
}
Event: 14900.868 GC heap after
{Heap after GC invocations=111 (full 1):
 garbage-first heap   total 519168K, used 155768K [0x0000000080000000, 0x0000000100000000)
  region size 1024K, 19 young (19456K), 19 survivors (19456K)
 Metaspace       used 139309K, committed 140736K, reserved 1171456K
  class space    used 18272K, committed 18944K, reserved 1048576K
}
Event: 14900.896 GC heap before
{Heap before GC invocations=111 (full 1):
 garbage-first heap   total 519168K, used 161912K [0x0000000080000000, 0x0000000100000000)
  region size 1024K, 25 young (25600K), 19 survivors (19456K)
 Metaspace       used 139309K, committed 140736K, reserved 1171456K
  class space    used 18272K, committed 18944K, reserved 1048576K
}
Event: 14900.939 GC heap after
{Heap after GC invocations=112 (full 1):
 garbage-first heap   total 519168K, used 157612K [0x0000000080000000, 0x0000000100000000)
  region size 1024K, 4 young (4096K), 4 survivors (4096K)
 Metaspace       used 139309K, committed 140736K, reserved 1171456K
  class space    used 18272K, committed 18944K, reserved 1048576K
}
Event: 14901.138 GC heap before
{Heap before GC invocations=112 (full 1):
 garbage-first heap   total 519168K, used 184236K [0x0000000080000000, 0x0000000100000000)
  region size 1024K, 32 young (32768K), 4 survivors (4096K)
 Metaspace       used 139342K, committed 140736K, reserved 1171456K
  class space    used 18272K, committed 18944K, reserved 1048576K
}
Event: 14901.169 GC heap after
{Heap after GC invocations=113 (full 1):
 garbage-first heap   total 519168K, used 170924K [0x0000000080000000, 0x0000000100000000)
  region size 1024K, 17 young (17408K), 17 survivors (17408K)
 Metaspace       used 139342K, committed 140736K, reserved 1171456K
  class space    used 18272K, committed 18944K, reserved 1048576K
}
Event: 15255.659 GC heap before
{Heap before GC invocations=114 (full 1):
 garbage-first heap   total 519168K, used 324012K [0x0000000080000000, 0x0000000100000000)
  region size 1024K, 154 young (157696K), 17 survivors (17408K)
 Metaspace       used 140651K, committed 142464K, reserved 1179648K
  class space    used 18533K, committed 19392K, reserved 1048576K
}
Event: 15255.710 GC heap after
{Heap after GC invocations=115 (full 1):
 garbage-first heap   total 519168K, used 151290K [0x0000000080000000, 0x0000000100000000)
  region size 1024K, 8 young (8192K), 8 survivors (8192K)
 Metaspace       used 140651K, committed 142464K, reserved 1179648K
  class space    used 18533K, committed 19392K, reserved 1048576K
}
Event: 15256.271 GC heap before
{Heap before GC invocations=115 (full 1):
 garbage-first heap   total 519168K, used 167674K [0x0000000080000000, 0x0000000100000000)
  region size 1024K, 25 young (25600K), 8 survivors (8192K)
 Metaspace       used 140894K, committed 142720K, reserved 1179648K
  class space    used 18575K, committed 19456K, reserved 1048576K
}
Event: 15256.309 GC heap after
{Heap after GC invocations=116 (full 1):
 garbage-first heap   total 519168K, used 147843K [0x0000000080000000, 0x0000000100000000)
  region size 1024K, 4 young (4096K), 4 survivors (4096K)
 Metaspace       used 140894K, committed 142720K, reserved 1179648K
  class space    used 18575K, committed 19456K, reserved 1048576K
}
Event: 15256.481 GC heap before
{Heap before GC invocations=116 (full 1):
 garbage-first heap   total 519168K, used 153987K [0x0000000080000000, 0x0000000100000000)
  region size 1024K, 11 young (11264K), 4 survivors (4096K)
 Metaspace       used 140896K, committed 142720K, reserved 1179648K
  class space    used 18575K, committed 19456K, reserved 1048576K
}
Event: 15256.504 GC heap after
{Heap after GC invocations=117 (full 1):
 garbage-first heap   total 519168K, used 147739K [0x0000000080000000, 0x0000000100000000)
  region size 1024K, 4 young (4096K), 4 survivors (4096K)
 Metaspace       used 140896K, committed 142720K, reserved 1179648K
  class space    used 18575K, committed 19456K, reserved 1048576K
}
Event: 17030.738 GC heap before
{Heap before GC invocations=118 (full 1):
 garbage-first heap   total 464896K, used 356635K [0x0000000080000000, 0x0000000100000000)
  region size 1024K, 187 young (191488K), 4 survivors (4096K)
 Metaspace       used 141150K, committed 142912K, reserved 1179648K
  class space    used 18600K, committed 19456K, reserved 1048576K
}
Event: 17030.769 GC heap after
{Heap after GC invocations=119 (full 1):
 garbage-first heap   total 464896K, used 137603K [0x0000000080000000, 0x0000000100000000)
  region size 1024K, 8 young (8192K), 8 survivors (8192K)
 Metaspace       used 141150K, committed 142912K, reserved 1179648K
  class space    used 18600K, committed 19456K, reserved 1048576K
}
Event: 17031.413 GC heap before
{Heap before GC invocations=119 (full 1):
 garbage-first heap   total 464896K, used 151939K [0x0000000080000000, 0x0000000100000000)
  region size 1024K, 22 young (22528K), 8 survivors (8192K)
 Metaspace       used 141160K, committed 142976K, reserved 1179648K
  class space    used 18600K, committed 19456K, reserved 1048576K
}
Event: 17031.449 GC heap after
{Heap after GC invocations=120 (full 1):
 garbage-first heap   total 464896K, used 122430K [0x0000000080000000, 0x0000000100000000)
  region size 1024K, 3 young (3072K), 3 survivors (3072K)
 Metaspace       used 141160K, committed 142976K, reserved 1179648K
  class space    used 18600K, committed 19456K, reserved 1048576K
}
Event: 17032.072 GC heap before
{Heap before GC invocations=120 (full 1):
 garbage-first heap   total 464896K, used 144958K [0x0000000080000000, 0x0000000100000000)
  region size 1024K, 26 young (26624K), 3 survivors (3072K)
 Metaspace       used 141177K, committed 143040K, reserved 1179648K
  class space    used 18600K, committed 19456K, reserved 1048576K
}
Event: 17032.095 GC heap after
{Heap after GC invocations=121 (full 1):
 garbage-first heap   total 464896K, used 125502K [0x0000000080000000, 0x0000000100000000)
  region size 1024K, 6 young (6144K), 6 survivors (6144K)
 Metaspace       used 141177K, committed 143040K, reserved 1179648K
  class space    used 18600K, committed 19456K, reserved 1048576K
}

