# JRE version: OpenJDK Runtime Environment (17.0.6) (build 17.0.6+0-b2043.56-10027231)
# Java VM: OpenJDK 64-Bit Server VM (17.0.6+0-b2043.56-10027231, mixed mode, tiered, compressed oops, compressed class ptrs, g1 gc, windows-amd64)
GC Precious Log:
 CPUs: 2 total, 2 available
 Memory: 11680M
 Large Page Support: Disabled
 NUMA Support: Disabled
 Compressed Oops: Enabled (32-bit)
 Heap Region Size: 1M
 Heap Min Capacity: 8M
 Heap Initial Capacity: 184M
 Heap Max Capacity: 2G
 Pre-touch: Disabled
 Parallel Workers: 2
 Concurrent Workers: 1
 Concurrent Refinement Workers: 2
 Periodic GC: Disabled
Heap:
 garbage-first heap   total 176128K, used 118418K [0x0000000080000000, 0x0000000100000000)
  region size 1024K, 41 young (41984K), 6 survivors (6144K)
 Metaspace       used 94362K, committed 94976K, reserved 1138688K
  class space    used 12823K, committed 13120K, reserved 1048576K
GC Heap History (20 events):
Event: 59.761 GC heap before
{Heap before GC invocations=41 (full 0):
 garbage-first heap   total 96256K, used 65643K [0x0000000080000000, 0x0000000100000000)
  region size 1024K, 13 young (13312K), 2 survivors (2048K)
 Metaspace       used 64283K, committed 64832K, reserved 1105920K
  class space    used 8504K, committed 8768K, reserved 1048576K
}
Event: 59.769 GC heap after
{Heap after GC invocations=42 (full 0):
 garbage-first heap   total 96256K, used 56968K [0x0000000080000000, 0x0000000100000000)
  region size 1024K, 3 young (3072K), 3 survivors (3072K)
 Metaspace       used 64283K, committed 64832K, reserved 1105920K
  class space    used 8504K, committed 8768K, reserved 1048576K
}
Event: 59.925 GC heap before
{Heap before GC invocations=43 (full 0):
 garbage-first heap   total 99328K, used 61064K [0x0000000080000000, 0x0000000100000000)
  region size 1024K, 7 young (7168K), 3 survivors (3072K)
 Metaspace       used 64283K, committed 64832K, reserved 1105920K
  class space    used 8504K, committed 8768K, reserved 1048576K
}
Event: 59.935 GC heap after
{Heap after GC invocations=44 (full 0):
 garbage-first heap   total 99328K, used 59605K [0x0000000080000000, 0x0000000100000000)
  region size 1024K, 3 young (3072K), 3 survivors (3072K)
 Metaspace       used 64283K, committed 64832K, reserved 1105920K
  class space    used 8504K, committed 8768K, reserved 1048576K
}
Event: 60.128 GC heap before
{Heap before GC invocations=45 (full 0):
 garbage-first heap   total 101376K, used 67797K [0x0000000080000000, 0x0000000100000000)
  region size 1024K, 9 young (9216K), 3 survivors (3072K)
 Metaspace       used 64287K, committed 64896K, reserved 1105920K
  class space    used 8504K, committed 8768K, reserved 1048576K
}
Event: 60.137 GC heap after
{Heap after GC invocations=46 (full 0):
 garbage-first heap   total 101376K, used 63255K [0x0000000080000000, 0x0000000100000000)
  region size 1024K, 2 young (2048K), 2 survivors (2048K)
 Metaspace       used 64287K, committed 64896K, reserved 1105920K
  class space    used 8504K, committed 8768K, reserved 1048576K
}
Event: 60.824 GC heap before
{Heap before GC invocations=47 (full 0):
 garbage-first heap   total 114688K, used 78615K [0x0000000080000000, 0x0000000100000000)
  region size 1024K, 15 young (15360K), 2 survivors (2048K)
 Metaspace       used 65585K, committed 66112K, reserved 1114112K
  class space    used 8674K, committed 8896K, reserved 1048576K
}
Event: 60.830 GC heap after
{Heap after GC invocations=48 (full 0):
 garbage-first heap   total 114688K, used 62871K [0x0000000080000000, 0x0000000100000000)
  region size 1024K, 2 young (2048K), 2 survivors (2048K)
 Metaspace       used 65585K, committed 66112K, reserved 1114112K
  class space    used 8674K, committed 8896K, reserved 1048576K
}
Event: 60.960 GC heap before
{Heap before GC invocations=48 (full 0):
 garbage-first heap   total 114688K, used 64919K [0x0000000080000000, 0x0000000100000000)
  region size 1024K, 5 young (5120K), 2 survivors (2048K)
 Metaspace       used 65874K, committed 66432K, reserved 1114112K
  class space    used 8718K, committed 8960K, reserved 1048576K
}
Event: 60.970 GC heap after
{Heap after GC invocations=49 (full 0):
 garbage-first heap   total 176128K, used 62516K [0x0000000080000000, 0x0000000100000000)
  region size 1024K, 1 young (1024K), 1 survivors (1024K)
 Metaspace       used 65874K, committed 66432K, reserved 1114112K
  class space    used 8718K, committed 8960K, reserved 1048576K
}
Event: 63.412 GC heap before
{Heap before GC invocations=49 (full 0):
 garbage-first heap   total 176128K, used 111668K [0x0000000080000000, 0x0000000100000000)
  region size 1024K, 49 young (50176K), 1 survivors (1024K)
 Metaspace       used 70669K, committed 71296K, reserved 1114112K
  class space    used 9339K, committed 9664K, reserved 1048576K
}
Event: 63.427 GC heap after
{Heap after GC invocations=50 (full 0):
 garbage-first heap   total 176128K, used 66010K [0x0000000080000000, 0x0000000100000000)
  region size 1024K, 4 young (4096K), 4 survivors (4096K)
 Metaspace       used 70669K, committed 71296K, reserved 1114112K
  class space    used 9339K, committed 9664K, reserved 1048576K
}
Event: 65.663 GC heap before
{Heap before GC invocations=50 (full 0):
 garbage-first heap   total 176128K, used 120282K [0x0000000080000000, 0x0000000100000000)
  region size 1024K, 57 young (58368K), 4 survivors (4096K)
 Metaspace       used 75728K, committed 76352K, reserved 1122304K
  class space    used 9990K, committed 10304K, reserved 1048576K
}
Event: 65.687 GC heap after
{Heap after GC invocations=51 (full 0):
 garbage-first heap   total 176128K, used 69885K [0x0000000080000000, 0x0000000100000000)
  region size 1024K, 8 young (8192K), 8 survivors (8192K)
 Metaspace       used 75728K, committed 76352K, reserved 1122304K
  class space    used 9990K, committed 10304K, reserved 1048576K
}
Event: 68.363 GC heap before
{Heap before GC invocations=51 (full 0):
 garbage-first heap   total 176128K, used 128253K [0x0000000080000000, 0x0000000100000000)
  region size 1024K, 65 young (66560K), 8 survivors (8192K)
 Metaspace       used 82402K, committed 83008K, reserved 1122304K
  class space    used 11114K, committed 11392K, reserved 1048576K
}
Event: 68.395 GC heap after
{Heap after GC invocations=52 (full 0):
 garbage-first heap   total 176128K, used 73067K [0x0000000080000000, 0x0000000100000000)
  region size 1024K, 7 young (7168K), 7 survivors (7168K)
 Metaspace       used 82402K, committed 83008K, reserved 1122304K
  class space    used 11114K, committed 11392K, reserved 1048576K
}
Event: 100.858 GC heap before
{Heap before GC invocations=52 (full 0):
 garbage-first heap   total 176128K, used 131435K [0x0000000080000000, 0x0000000100000000)
  region size 1024K, 65 young (66560K), 7 survivors (7168K)
 Metaspace       used 87266K, committed 87872K, reserved 1130496K
  class space    used 11854K, committed 12160K, reserved 1048576K
}
Event: 100.899 GC heap after
{Heap after GC invocations=53 (full 0):
 garbage-first heap   total 176128K, used 77824K [0x0000000080000000, 0x0000000100000000)
  region size 1024K, 8 young (8192K), 8 survivors (8192K)
 Metaspace       used 87266K, committed 87872K, reserved 1130496K
  class space    used 11854K, committed 12160K, reserved 1048576K
}
Event: 105.106 GC heap before
{Heap before GC invocations=53 (full 0):
 garbage-first heap   total 176128K, used 136192K [0x0000000080000000, 0x0000000100000000)
  region size 1024K, 65 young (66560K), 8 survivors (8192K)
 Metaspace       used 89494K, committed 90112K, reserved 1130496K
  class space    used 12105K, committed 12416K, reserved 1048576K
}
Event: 105.173 GC heap after
{Heap after GC invocations=54 (full 0):
 garbage-first heap   total 176128K, used 83602K [0x0000000080000000, 0x0000000100000000)
  region size 1024K, 6 young (6144K), 6 survivors (6144K)
 Metaspace       used 89494K, committed 90112K, reserved 1130496K
  class space    used 12105K, committed 12416K, reserved 1048576K
}

