# JRE version: OpenJDK Runtime Environment (17.0.6) (build 17.0.6+0-b2043.56-10027231)
# Java VM: OpenJDK 64-Bit Server VM (17.0.6+0-b2043.56-10027231, mixed mode, tiered, compressed oops, compressed class ptrs, g1 gc, windows-amd64)
GC Precious Log:
 CPUs: 2 total, 2 available
 Memory: 11680M
 Large Page Support: Disabled
 NUMA Support: Disabled
 Compressed Oops: Enabled (32-bit)
 Heap Region Size: 1M
 Heap Min Capacity: 8M
 Heap Initial Capacity: 184M
 Heap Max Capacity: 2G
 Pre-touch: Disabled
 Parallel Workers: 2
 Concurrent Workers: 1
 Concurrent Refinement Workers: 2
 Periodic GC: Disabled
Heap:
 garbage-first heap   total 563200K, used 353037K [0x0000000080000000, 0x0000000100000000)
  region size 1024K, 59 young (60416K), 4 survivors (4096K)
 Metaspace       used 127760K, committed 128640K, reserved 1163264K
  class space    used 17044K, committed 17472K, reserved 1048576K
GC Heap History (20 events):
Event: 54.441 GC heap before
{Heap before GC invocations=36 (full 0):
 garbage-first heap   total 301056K, used 227597K [0x0000000080000000, 0x0000000100000000)
  region size 1024K, 46 young (47104K), 4 survivors (4096K)
 Metaspace       used 104671K, committed 105408K, reserved 1146880K
  class space    used 14280K, committed 14656K, reserved 1048576K
}
Event: 54.533 GC heap after
{Heap after GC invocations=37 (full 0):
 garbage-first heap   total 301056K, used 206093K [0x0000000080000000, 0x0000000100000000)
  region size 1024K, 6 young (6144K), 6 survivors (6144K)
 Metaspace       used 104671K, committed 105408K, reserved 1146880K
  class space    used 14280K, committed 14656K, reserved 1048576K
}
Event: 55.283 GC heap before
{Heap before GC invocations=37 (full 0):
 garbage-first heap   total 301056K, used 235789K [0x0000000080000000, 0x0000000100000000)
  region size 1024K, 35 young (35840K), 6 survivors (6144K)
 Metaspace       used 104674K, committed 105408K, reserved 1146880K
  class space    used 14280K, committed 14656K, reserved 1048576K
}
Event: 55.360 GC heap after
{Heap after GC invocations=38 (full 0):
 garbage-first heap   total 563200K, used 221965K [0x0000000080000000, 0x0000000100000000)
  region size 1024K, 5 young (5120K), 5 survivors (5120K)
 Metaspace       used 104674K, committed 105408K, reserved 1146880K
  class space    used 14280K, committed 14656K, reserved 1048576K
}
Event: 59.307 GC heap before
{Heap before GC invocations=38 (full 0):
 garbage-first heap   total 563200K, used 293645K [0x0000000080000000, 0x0000000100000000)
  region size 1024K, 75 young (76800K), 5 survivors (5120K)
 Metaspace       used 108984K, committed 109760K, reserved 1146880K
  class space    used 14875K, committed 15232K, reserved 1048576K
}
Event: 59.365 GC heap after
{Heap after GC invocations=39 (full 0):
 garbage-first heap   total 563200K, used 233229K [0x0000000080000000, 0x0000000100000000)
  region size 1024K, 10 young (10240K), 10 survivors (10240K)
 Metaspace       used 108984K, committed 109760K, reserved 1146880K
  class space    used 14875K, committed 15232K, reserved 1048576K
}
Event: 61.283 GC heap before
{Heap before GC invocations=39 (full 0):
 garbage-first heap   total 563200K, used 318221K [0x0000000080000000, 0x0000000100000000)
  region size 1024K, 94 young (96256K), 10 survivors (10240K)
 Metaspace       used 110360K, committed 111168K, reserved 1146880K
  class space    used 15027K, committed 15424K, reserved 1048576K
}
Event: 61.355 GC heap after
{Heap after GC invocations=40 (full 0):
 garbage-first heap   total 563200K, used 241421K [0x0000000080000000, 0x0000000100000000)
  region size 1024K, 12 young (12288K), 12 survivors (12288K)
 Metaspace       used 110360K, committed 111168K, reserved 1146880K
  class space    used 15027K, committed 15424K, reserved 1048576K
}
Event: 63.718 GC heap before
{Heap before GC invocations=40 (full 0):
 garbage-first heap   total 563200K, used 302861K [0x0000000080000000, 0x0000000100000000)
  region size 1024K, 66 young (67584K), 12 survivors (12288K)
 Metaspace       used 110829K, committed 111616K, reserved 1146880K
  class space    used 15095K, committed 15488K, reserved 1048576K
}
Event: 63.789 GC heap after
{Heap after GC invocations=41 (full 0):
 garbage-first heap   total 563200K, used 252685K [0x0000000080000000, 0x0000000100000000)
  region size 1024K, 6 young (6144K), 6 survivors (6144K)
 Metaspace       used 110829K, committed 111616K, reserved 1146880K
  class space    used 15095K, committed 15488K, reserved 1048576K
}
Event: 68.248 GC heap before
{Heap before GC invocations=41 (full 0):
 garbage-first heap   total 563200K, used 392973K [0x0000000080000000, 0x0000000100000000)
  region size 1024K, 118 young (120832K), 6 survivors (6144K)
 Metaspace       used 114137K, committed 114880K, reserved 1155072K
  class space    used 15501K, committed 15872K, reserved 1048576K
}
Event: 68.312 GC heap after
{Heap after GC invocations=42 (full 0):
 garbage-first heap   total 563200K, used 286030K [0x0000000080000000, 0x0000000100000000)
  region size 1024K, 15 young (15360K), 15 survivors (15360K)
 Metaspace       used 114137K, committed 114880K, reserved 1155072K
  class space    used 15501K, committed 15872K, reserved 1048576K
}
Event: 107.839 GC heap before
{Heap before GC invocations=42 (full 0):
 garbage-first heap   total 563200K, used 448846K [0x0000000080000000, 0x0000000100000000)
  region size 1024K, 144 young (147456K), 15 survivors (15360K)
 Metaspace       used 117739K, committed 118528K, reserved 1155072K
  class space    used 15980K, committed 16384K, reserved 1048576K
}
Event: 107.929 GC heap after
{Heap after GC invocations=43 (full 0):
 garbage-first heap   total 563200K, used 284379K [0x0000000080000000, 0x0000000100000000)
  region size 1024K, 13 young (13312K), 13 survivors (13312K)
 Metaspace       used 117739K, committed 118528K, reserved 1155072K
  class space    used 15980K, committed 16384K, reserved 1048576K
}
Event: 111.488 GC heap before
{Heap before GC invocations=43 (full 0):
 garbage-first heap   total 563200K, used 417499K [0x0000000080000000, 0x0000000100000000)
  region size 1024K, 142 young (145408K), 13 survivors (13312K)
 Metaspace       used 121731K, committed 122496K, reserved 1155072K
  class space    used 16500K, committed 16896K, reserved 1048576K
}
Event: 111.544 GC heap after
{Heap after GC invocations=44 (full 0):
 garbage-first heap   total 563200K, used 296717K [0x0000000080000000, 0x0000000100000000)
  region size 1024K, 13 young (13312K), 13 survivors (13312K)
 Metaspace       used 121731K, committed 122496K, reserved 1155072K
  class space    used 16500K, committed 16896K, reserved 1048576K
}
Event: 118.164 GC heap before
{Heap before GC invocations=44 (full 0):
 garbage-first heap   total 563200K, used 431885K [0x0000000080000000, 0x0000000100000000)
  region size 1024K, 144 young (147456K), 13 survivors (13312K)
 Metaspace       used 126437K, committed 127296K, reserved 1163264K
  class space    used 16925K, committed 17344K, reserved 1048576K
}
Event: 118.200 GC heap after
{Heap after GC invocations=45 (full 0):
 garbage-first heap   total 563200K, used 296717K [0x0000000080000000, 0x0000000100000000)
  region size 1024K, 9 young (9216K), 9 survivors (9216K)
 Metaspace       used 126437K, committed 127296K, reserved 1163264K
  class space    used 16925K, committed 17344K, reserved 1048576K
}
Event: 121.801 GC heap before
{Heap before GC invocations=45 (full 0):
 garbage-first heap   total 563200K, used 449293K [0x0000000080000000, 0x0000000100000000)
  region size 1024K, 156 young (159744K), 9 survivors (9216K)
 Metaspace       used 126819K, committed 127616K, reserved 1163264K
  class space    used 16955K, committed 17344K, reserved 1048576K
}
Event: 121.831 GC heap after
{Heap after GC invocations=46 (full 0):
 garbage-first heap   total 563200K, used 291597K [0x0000000080000000, 0x0000000100000000)
  region size 1024K, 4 young (4096K), 4 survivors (4096K)
 Metaspace       used 126819K, committed 127616K, reserved 1163264K
  class space    used 16955K, committed 17344K, reserved 1048576K
}

