# JRE version: OpenJDK Runtime Environment (17.0.6) (build 17.0.6+0-b2043.56-10027231)
# Java VM: OpenJDK 64-Bit Server VM (17.0.6+0-b2043.56-10027231, mixed mode, tiered, compressed oops, compressed class ptrs, g1 gc, windows-amd64)
GC Precious Log:
 CPUs: 2 total, 2 available
 Memory: 11680M
 Large Page Support: Disabled
 NUMA Support: Disabled
 Compressed Oops: Enabled (32-bit)
 Heap Region Size: 1M
 Heap Min Capacity: 8M
 Heap Initial Capacity: 184M
 Heap Max Capacity: 2G
 Pre-touch: Disabled
 Parallel Workers: 2
 Concurrent Workers: 1
 Concurrent Refinement Workers: 2
 Periodic GC: Disabled
Heap:
 garbage-first heap   total 444416K, used 132111K [0x0000000080000000, 0x0000000100000000)
  region size 1024K, 2 young (2048K), 2 survivors (2048K)
 Metaspace       used 147884K, committed 149888K, reserved 1179648K
  class space    used 19123K, committed 20032K, reserved 1048576K
GC Heap History (20 events):
Event: 12837.909 GC heap after
{Heap after GC invocations=80 (full 3):
 garbage-first heap   total 483328K, used 284362K [0x0000000080000000, 0x0000000100000000)
  region size 1024K, 15 young (15360K), 15 survivors (15360K)
 Metaspace       used 144482K, committed 145920K, reserved 1179648K
  class space    used 18612K, committed 19328K, reserved 1048576K
}
Event: 12838.123 GC heap before
{Heap before GC invocations=80 (full 3):
 garbage-first heap   total 483328K, used 292554K [0x0000000080000000, 0x0000000100000000)
  region size 1024K, 23 young (23552K), 15 survivors (15360K)
 Metaspace       used 144488K, committed 145920K, reserved 1179648K
  class space    used 18612K, committed 19328K, reserved 1048576K
}
Event: 12838.161 GC heap after
{Heap after GC invocations=81 (full 3):
 garbage-first heap   total 586752K, used 273860K [0x0000000080000000, 0x0000000100000000)
  region size 1024K, 1 young (1024K), 1 survivors (1024K)
 Metaspace       used 144488K, committed 145920K, reserved 1179648K
  class space    used 18612K, committed 19328K, reserved 1048576K
}
Event: 12926.331 GC heap before
{Heap before GC invocations=81 (full 3):
 garbage-first heap   total 586752K, used 471492K [0x0000000080000000, 0x0000000100000000)
  region size 1024K, 172 young (176128K), 1 survivors (1024K)
 Metaspace       used 145789K, committed 147200K, reserved 1179648K
  class space    used 18755K, committed 19456K, reserved 1048576K
}
Event: 12926.363 GC heap after
{Heap after GC invocations=82 (full 3):
 garbage-first heap   total 586752K, used 282912K [0x0000000080000000, 0x0000000100000000)
  region size 1024K, 10 young (10240K), 10 survivors (10240K)
 Metaspace       used 145789K, committed 147200K, reserved 1179648K
  class space    used 18755K, committed 19456K, reserved 1048576K
}
Event: 12927.133 GC heap before
{Heap before GC invocations=82 (full 3):
 garbage-first heap   total 586752K, used 337184K [0x0000000080000000, 0x0000000100000000)
  region size 1024K, 64 young (65536K), 10 survivors (10240K)
 Metaspace       used 146029K, committed 147456K, reserved 1179648K
  class space    used 18796K, committed 19456K, reserved 1048576K
}
Event: 12927.167 GC heap after
{Heap after GC invocations=83 (full 3):
 garbage-first heap   total 586752K, used 285636K [0x0000000080000000, 0x0000000100000000)
  region size 1024K, 13 young (13312K), 13 survivors (13312K)
 Metaspace       used 146029K, committed 147456K, reserved 1179648K
  class space    used 18796K, committed 19456K, reserved 1048576K
}
Event: 13045.135 GC heap before
{Heap before GC invocations=84 (full 3):
 garbage-first heap   total 586752K, used 464836K [0x0000000080000000, 0x0000000100000000)
  region size 1024K, 194 young (198656K), 13 survivors (13312K)
 Metaspace       used 146327K, committed 147840K, reserved 1179648K
  class space    used 18827K, committed 19520K, reserved 1048576K
}
Event: 13045.162 GC heap after
{Heap after GC invocations=85 (full 3):
 garbage-first heap   total 586752K, used 216516K [0x0000000080000000, 0x0000000100000000)
  region size 1024K, 3 young (3072K), 3 survivors (3072K)
 Metaspace       used 146327K, committed 147840K, reserved 1179648K
  class space    used 18827K, committed 19520K, reserved 1048576K
}
Event: 13045.696 GC heap before
{Heap before GC invocations=85 (full 3):
 garbage-first heap   total 586752K, used 242116K [0x0000000080000000, 0x0000000100000000)
  region size 1024K, 28 young (28672K), 3 survivors (3072K)
 Metaspace       used 146362K, committed 147904K, reserved 1179648K
  class space    used 18827K, committed 19520K, reserved 1048576K
}
Event: 13045.764 GC heap after
{Heap after GC invocations=86 (full 3):
 garbage-first heap   total 586752K, used 166819K [0x0000000080000000, 0x0000000100000000)
  region size 1024K, 4 young (4096K), 4 survivors (4096K)
 Metaspace       used 146362K, committed 147904K, reserved 1179648K
  class space    used 18827K, committed 19520K, reserved 1048576K
}
Event: 13046.294 GC heap before
{Heap before GC invocations=86 (full 3):
 garbage-first heap   total 586752K, used 191395K [0x0000000080000000, 0x0000000100000000)
  region size 1024K, 28 young (28672K), 4 survivors (4096K)
 Metaspace       used 146385K, committed 147904K, reserved 1179648K
  class space    used 18827K, committed 19520K, reserved 1048576K
}
Event: 13046.341 GC heap after
{Heap after GC invocations=87 (full 3):
 garbage-first heap   total 586752K, used 164635K [0x0000000080000000, 0x0000000100000000)
  region size 1024K, 4 young (4096K), 4 survivors (4096K)
 Metaspace       used 146385K, committed 147904K, reserved 1179648K
  class space    used 18827K, committed 19520K, reserved 1048576K
}
Event: 13726.472 GC heap before
{Heap before GC invocations=87 (full 3):
 garbage-first heap   total 586752K, used 260891K [0x0000000080000000, 0x0000000100000000)
  region size 1024K, 100 young (102400K), 4 survivors (4096K)
 Metaspace       used 147628K, committed 149632K, reserved 1179648K
  class space    used 19105K, committed 20032K, reserved 1048576K
}
Event: 13726.517 GC heap after
{Heap after GC invocations=88 (full 3):
 garbage-first heap   total 586752K, used 172726K [0x0000000080000000, 0x0000000100000000)
  region size 1024K, 12 young (12288K), 12 survivors (12288K)
 Metaspace       used 147628K, committed 149632K, reserved 1179648K
  class space    used 19105K, committed 20032K, reserved 1048576K
}
Event: 13820.012 GC heap before
{Heap before GC invocations=89 (full 3):
 garbage-first heap   total 444416K, used 407222K [0x0000000080000000, 0x0000000100000000)
  region size 1024K, 267 young (273408K), 12 survivors (12288K)
 Metaspace       used 147873K, committed 149824K, reserved 1179648K
  class space    used 19123K, committed 20032K, reserved 1048576K
}
Event: 13820.079 GC heap after
{Heap after GC invocations=90 (full 3):
 garbage-first heap   total 444416K, used 133992K [0x0000000080000000, 0x0000000100000000)
  region size 1024K, 17 young (17408K), 17 survivors (17408K)
 Metaspace       used 147873K, committed 149824K, reserved 1179648K
  class space    used 19123K, committed 20032K, reserved 1048576K
}
Event: 13820.150 GC heap before
{Heap before GC invocations=90 (full 3):
 garbage-first heap   total 444416K, used 138088K [0x0000000080000000, 0x0000000100000000)
  region size 1024K, 21 young (21504K), 17 survivors (17408K)
 Metaspace       used 147878K, committed 149824K, reserved 1179648K
  class space    used 19123K, committed 20032K, reserved 1048576K
}
Event: 13820.197 GC heap after
{Heap after GC invocations=91 (full 3):
 garbage-first heap   total 444416K, used 132177K [0x0000000080000000, 0x0000000100000000)
  region size 1024K, 2 young (2048K), 2 survivors (2048K)
 Metaspace       used 147878K, committed 149824K, reserved 1179648K
  class space    used 19123K, committed 20032K, reserved 1048576K
}
Event: 13820.471 GC heap before
{Heap before GC invocations=91 (full 3):
 garbage-first heap   total 444416K, used 140369K [0x0000000080000000, 0x0000000100000000)
  region size 1024K, 11 young (11264K), 2 survivors (2048K)
 Metaspace       used 147884K, committed 149888K, reserved 1179648K
  class space    used 19123K, committed 20032K, reserved 1048576K
}

