# JRE version: OpenJDK Runtime Environment (17.0.6) (build 17.0.6+0-b2043.56-10027231)
# Java VM: OpenJDK 64-Bit Server VM (17.0.6+0-b2043.56-10027231, mixed mode, tiered, compressed oops, compressed class ptrs, g1 gc, windows-amd64)
GC Precious Log:
 CPUs: 2 total, 2 available
 Memory: 11680M
 Large Page Support: Disabled
 NUMA Support: Disabled
 Compressed Oops: Enabled (Zero based)
 Heap Region Size: 2M
 Heap Min Capacity: 8M
 Heap Initial Capacity: 184M
 Heap Max Capacity: 2922M
 Pre-touch: Disabled
 Parallel Workers: 2
 Concurrent Workers: 1
 Concurrent Refinement Workers: 2
 Periodic GC: Disabled
Heap:
 garbage-first heap   total 239616K, used 129559K [0x0000000749600000, 0x0000000800000000)
  region size 2048K, 2 young (4096K), 2 survivors (4096K)
 Metaspace       used 86184K, committed 86656K, reserved 1130496K
  class space    used 9302K, committed 9536K, reserved 1048576K
GC Heap History (20 events):
Event: 33.697 GC heap after
{Heap after GC invocations=38 (full 0):
 garbage-first heap   total 141312K, used 79899K [0x0000000749600000, 0x0000000800000000)
  region size 2048K, 2 young (4096K), 2 survivors (4096K)
 Metaspace       used 66673K, committed 66944K, reserved 1114112K
  class space    used 7471K, committed 7616K, reserved 1048576K
}
Event: 37.007 GC heap before
{Heap before GC invocations=39 (full 0):
 garbage-first heap   total 141312K, used 116763K [0x0000000749600000, 0x0000000800000000)
  region size 2048K, 19 young (38912K), 2 survivors (4096K)
 Metaspace       used 67188K, committed 67520K, reserved 1114112K
  class space    used 7509K, committed 7680K, reserved 1048576K
}
Event: 37.028 GC heap after
{Heap after GC invocations=40 (full 0):
 garbage-first heap   total 141312K, used 84016K [0x0000000749600000, 0x0000000800000000)
  region size 2048K, 3 young (6144K), 3 survivors (6144K)
 Metaspace       used 67188K, committed 67520K, reserved 1114112K
  class space    used 7509K, committed 7680K, reserved 1048576K
}
Event: 37.190 GC heap before
{Heap before GC invocations=40 (full 0):
 garbage-first heap   total 141312K, used 86064K [0x0000000749600000, 0x0000000800000000)
  region size 2048K, 4 young (8192K), 3 survivors (6144K)
 Metaspace       used 67200K, committed 67520K, reserved 1114112K
  class space    used 7509K, committed 7680K, reserved 1048576K
}
Event: 37.214 GC heap after
{Heap after GC invocations=41 (full 0):
 garbage-first heap   total 141312K, used 84248K [0x0000000749600000, 0x0000000800000000)
  region size 2048K, 1 young (2048K), 1 survivors (2048K)
 Metaspace       used 67200K, committed 67520K, reserved 1114112K
  class space    used 7509K, committed 7680K, reserved 1048576K
}
Event: 39.752 GC heap before
{Heap before GC invocations=41 (full 0):
 garbage-first heap   total 141312K, used 117016K [0x0000000749600000, 0x0000000800000000)
  region size 2048K, 17 young (34816K), 1 survivors (2048K)
 Metaspace       used 67429K, committed 67712K, reserved 1114112K
  class space    used 7521K, committed 7680K, reserved 1048576K
}
Event: 39.772 GC heap after
{Heap after GC invocations=42 (full 0):
 garbage-first heap   total 239616K, used 86140K [0x0000000749600000, 0x0000000800000000)
  region size 2048K, 2 young (4096K), 2 survivors (4096K)
 Metaspace       used 67429K, committed 67712K, reserved 1114112K
  class space    used 7521K, committed 7680K, reserved 1048576K
}
Event: 47.684 GC heap before
{Heap before GC invocations=43 (full 0):
 garbage-first heap   total 239616K, used 192636K [0x0000000749600000, 0x0000000800000000)
  region size 2048K, 54 young (110592K), 2 survivors (4096K)
 Metaspace       used 69216K, committed 69632K, reserved 1114112K
  class space    used 7664K, committed 7872K, reserved 1048576K
}
Event: 47.734 GC heap after
{Heap after GC invocations=44 (full 0):
 garbage-first heap   total 239616K, used 92860K [0x0000000749600000, 0x0000000800000000)
  region size 2048K, 5 young (10240K), 5 survivors (10240K)
 Metaspace       used 69216K, committed 69632K, reserved 1114112K
  class space    used 7664K, committed 7872K, reserved 1048576K
}
Event: 47.811 GC heap before
{Heap before GC invocations=44 (full 0):
 garbage-first heap   total 239616K, used 94908K [0x0000000749600000, 0x0000000800000000)
  region size 2048K, 6 young (12288K), 5 survivors (10240K)
 Metaspace       used 69222K, committed 69632K, reserved 1114112K
  class space    used 7664K, committed 7872K, reserved 1048576K
}
Event: 47.848 GC heap after
{Heap after GC invocations=45 (full 0):
 garbage-first heap   total 239616K, used 93483K [0x0000000749600000, 0x0000000800000000)
  region size 2048K, 1 young (2048K), 1 survivors (2048K)
 Metaspace       used 69222K, committed 69632K, reserved 1114112K
  class space    used 7664K, committed 7872K, reserved 1048576K
}
Event: 52.987 GC heap before
{Heap before GC invocations=45 (full 0):
 garbage-first heap   total 239616K, used 187691K [0x0000000749600000, 0x0000000800000000)
  region size 2048K, 47 young (96256K), 1 survivors (2048K)
 Metaspace       used 75258K, committed 75648K, reserved 1122304K
  class space    used 8233K, committed 8448K, reserved 1048576K
}
Event: 53.045 GC heap after
{Heap after GC invocations=46 (full 0):
 garbage-first heap   total 239616K, used 108112K [0x0000000749600000, 0x0000000800000000)
  region size 2048K, 6 young (12288K), 6 survivors (12288K)
 Metaspace       used 75258K, committed 75648K, reserved 1122304K
  class space    used 8233K, committed 8448K, reserved 1048576K
}
Event: 57.049 GC heap before
{Heap before GC invocations=46 (full 0):
 garbage-first heap   total 239616K, used 185936K [0x0000000749600000, 0x0000000800000000)
  region size 2048K, 44 young (90112K), 6 survivors (12288K)
 Metaspace       used 81605K, committed 82048K, reserved 1122304K
  class space    used 8912K, committed 9152K, reserved 1048576K
}
Event: 57.115 GC heap after
{Heap after GC invocations=47 (full 0):
 garbage-first heap   total 239616K, used 120645K [0x0000000749600000, 0x0000000800000000)
  region size 2048K, 6 young (12288K), 6 survivors (12288K)
 Metaspace       used 81605K, committed 82048K, reserved 1122304K
  class space    used 8912K, committed 9152K, reserved 1048576K
}
Event: 59.596 GC heap before
{Heap before GC invocations=47 (full 0):
 garbage-first heap   total 239616K, used 186181K [0x0000000749600000, 0x0000000800000000)
  region size 2048K, 38 young (77824K), 6 survivors (12288K)
 Metaspace       used 85184K, committed 85632K, reserved 1130496K
  class space    used 9255K, committed 9472K, reserved 1048576K
}
Event: 59.644 GC heap after
{Heap after GC invocations=48 (full 0):
 garbage-first heap   total 239616K, used 128000K [0x0000000749600000, 0x0000000800000000)
  region size 2048K, 4 young (8192K), 4 survivors (8192K)
 Metaspace       used 85184K, committed 85632K, reserved 1130496K
  class space    used 9255K, committed 9472K, reserved 1048576K
}
Event: 61.553 GC heap before
{Heap before GC invocations=48 (full 0):
 garbage-first heap   total 239616K, used 191488K [0x0000000749600000, 0x0000000800000000)
  region size 2048K, 35 young (71680K), 4 survivors (8192K)
 Metaspace       used 86031K, committed 86528K, reserved 1130496K
  class space    used 9292K, committed 9536K, reserved 1048576K
}
Event: 61.579 GC heap after
{Heap after GC invocations=49 (full 0):
 garbage-first heap   total 239616K, used 128991K [0x0000000749600000, 0x0000000800000000)
  region size 2048K, 1 young (2048K), 1 survivors (2048K)
 Metaspace       used 86031K, committed 86528K, reserved 1130496K
  class space    used 9292K, committed 9536K, reserved 1048576K
}
Event: 62.998 GC heap before
{Heap before GC invocations=49 (full 0):
 garbage-first heap   total 239616K, used 194527K [0x0000000749600000, 0x0000000800000000)
  region size 2048K, 33 young (67584K), 1 survivors (2048K)
 Metaspace       used 86184K, committed 86656K, reserved 1130496K
  class space    used 9302K, committed 9536K, reserved 1048576K
}

