# JRE version: OpenJDK Runtime Environment (17.0.6) (build 17.0.6+0-b2043.56-10027231)
# Java VM: OpenJDK 64-Bit Server VM (17.0.6+0-b2043.56-10027231, mixed mode, tiered, compressed oops, compressed class ptrs, g1 gc, windows-amd64)
GC Precious Log:
 CPUs: 2 total, 2 available
 Memory: 11680M
 Large Page Support: Disabled
 NUMA Support: Disabled
 Compressed Oops: Enabled (32-bit)
 Heap Region Size: 1M
 Heap Min Capacity: 8M
 Heap Initial Capacity: 184M
 Heap Max Capacity: 2G
 Pre-touch: Disabled
 Parallel Workers: 2
 Concurrent Workers: 1
 Concurrent Refinement Workers: 2
 Periodic GC: Disabled
Heap:
 garbage-first heap   total 226304K, used 141000K [0x0000000080000000, 0x0000000100000000)
  region size 1024K, 5 young (5120K), 5 survivors (5120K)
 Metaspace       used 105172K, committed 105920K, reserved 1146880K
  class space    used 13949K, committed 14336K, reserved 1048576K
GC Heap History (20 events):
Event: 30.116 GC heap after
{Heap after GC invocations=35 (full 0):
 garbage-first heap   total 222208K, used 59570K [0x0000000080000000, 0x0000000100000000)
  region size 1024K, 2 young (2048K), 2 survivors (2048K)
 Metaspace       used 67701K, committed 68288K, reserved 1114112K
  class space    used 8948K, committed 9216K, reserved 1048576K
}
Event: 33.823 GC heap before
{Heap before GC invocations=36 (full 0):
 garbage-first heap   total 204800K, used 139442K [0x0000000080000000, 0x0000000100000000)
  region size 1024K, 80 young (81920K), 2 survivors (2048K)
 Metaspace       used 75687K, committed 76288K, reserved 1122304K
  class space    used 9995K, committed 10304K, reserved 1048576K
}
Event: 33.845 GC heap after
{Heap after GC invocations=37 (full 0):
 garbage-first heap   total 204800K, used 65496K [0x0000000080000000, 0x0000000100000000)
  region size 1024K, 8 young (8192K), 8 survivors (8192K)
 Metaspace       used 75687K, committed 76288K, reserved 1122304K
  class space    used 9995K, committed 10304K, reserved 1048576K
}
Event: 33.876 GC heap before
{Heap before GC invocations=37 (full 0):
 garbage-first heap   total 204800K, used 67544K [0x0000000080000000, 0x0000000100000000)
  region size 1024K, 10 young (10240K), 8 survivors (8192K)
 Metaspace       used 75690K, committed 76288K, reserved 1122304K
  class space    used 9995K, committed 10304K, reserved 1048576K
}
Event: 33.891 GC heap after
{Heap after GC invocations=38 (full 0):
 garbage-first heap   total 204800K, used 66029K [0x0000000080000000, 0x0000000100000000)
  region size 1024K, 1 young (1024K), 1 survivors (1024K)
 Metaspace       used 75690K, committed 76288K, reserved 1122304K
  class space    used 9995K, committed 10304K, reserved 1048576K
}
Event: 37.414 GC heap before
{Heap before GC invocations=38 (full 0):
 garbage-first heap   total 204800K, used 146925K [0x0000000080000000, 0x0000000100000000)
  region size 1024K, 80 young (81920K), 1 survivors (1024K)
 Metaspace       used 84435K, committed 85056K, reserved 1122304K
  class space    used 11409K, committed 11712K, reserved 1048576K
}
Event: 37.434 GC heap after
{Heap after GC invocations=39 (full 0):
 garbage-first heap   total 204800K, used 70424K [0x0000000080000000, 0x0000000100000000)
  region size 1024K, 6 young (6144K), 6 survivors (6144K)
 Metaspace       used 84435K, committed 85056K, reserved 1122304K
  class space    used 11409K, committed 11712K, reserved 1048576K
}
Event: 40.906 GC heap before
{Heap before GC invocations=39 (full 0):
 garbage-first heap   total 204800K, used 153368K [0x0000000080000000, 0x0000000100000000)
  region size 1024K, 87 young (89088K), 6 survivors (6144K)
 Metaspace       used 92869K, committed 93504K, reserved 1130496K
  class space    used 12615K, committed 12928K, reserved 1048576K
}
Event: 40.945 GC heap after
{Heap after GC invocations=40 (full 0):
 garbage-first heap   total 204800K, used 76488K [0x0000000080000000, 0x0000000100000000)
  region size 1024K, 11 young (11264K), 11 survivors (11264K)
 Metaspace       used 92869K, committed 93504K, reserved 1130496K
  class space    used 12615K, committed 12928K, reserved 1048576K
}
Event: 44.418 GC heap before
{Heap before GC invocations=40 (full 0):
 garbage-first heap   total 204800K, used 157384K [0x0000000080000000, 0x0000000100000000)
  region size 1024K, 90 young (92160K), 11 survivors (11264K)
 Metaspace       used 95008K, committed 95680K, reserved 1138688K
  class space    used 12937K, committed 13248K, reserved 1048576K
}
Event: 44.478 GC heap after
{Heap after GC invocations=41 (full 0):
 garbage-first heap   total 204800K, used 87719K [0x0000000080000000, 0x0000000100000000)
  region size 1024K, 11 young (11264K), 11 survivors (11264K)
 Metaspace       used 95008K, committed 95680K, reserved 1138688K
  class space    used 12937K, committed 13248K, reserved 1048576K
}
Event: 50.338 GC heap before
{Heap before GC invocations=41 (full 0):
 garbage-first heap   total 204800K, used 159399K [0x0000000080000000, 0x0000000100000000)
  region size 1024K, 81 young (82944K), 11 survivors (11264K)
 Metaspace       used 99164K, committed 99968K, reserved 1138688K
  class space    used 13371K, committed 13760K, reserved 1048576K
}
Event: 50.384 GC heap after
{Heap after GC invocations=42 (full 0):
 garbage-first heap   total 204800K, used 94920K [0x0000000080000000, 0x0000000100000000)
  region size 1024K, 8 young (8192K), 8 survivors (8192K)
 Metaspace       used 99164K, committed 99968K, reserved 1138688K
  class space    used 13371K, committed 13760K, reserved 1048576K
}
Event: 54.586 GC heap before
{Heap before GC invocations=42 (full 0):
 garbage-first heap   total 204800K, used 176840K [0x0000000080000000, 0x0000000100000000)
  region size 1024K, 71 young (72704K), 8 survivors (8192K)
 Metaspace       used 103195K, committed 103936K, reserved 1138688K
  class space    used 13784K, committed 14144K, reserved 1048576K
}
Event: 54.652 GC heap after
{Heap after GC invocations=43 (full 0):
 garbage-first heap   total 208896K, used 120520K [0x0000000080000000, 0x0000000100000000)
  region size 1024K, 9 young (9216K), 9 survivors (9216K)
 Metaspace       used 103195K, committed 103936K, reserved 1138688K
  class space    used 13784K, committed 14144K, reserved 1048576K
}
Event: 58.126 GC heap before
{Heap before GC invocations=43 (full 0):
 garbage-first heap   total 208896K, used 169672K [0x0000000080000000, 0x0000000100000000)
  region size 1024K, 51 young (52224K), 9 survivors (9216K)
 Metaspace       used 103436K, committed 104192K, reserved 1146880K
  class space    used 13795K, committed 14144K, reserved 1048576K
}
Event: 58.170 GC heap after
{Heap after GC invocations=44 (full 0):
 garbage-first heap   total 208896K, used 133832K [0x0000000080000000, 0x0000000100000000)
  region size 1024K, 7 young (7168K), 7 survivors (7168K)
 Metaspace       used 103436K, committed 104192K, reserved 1146880K
  class space    used 13795K, committed 14144K, reserved 1048576K
}
Event: 58.824 GC heap before
{Heap before GC invocations=44 (full 0):
 garbage-first heap   total 208896K, used 175816K [0x0000000080000000, 0x0000000100000000)
  region size 1024K, 39 young (39936K), 7 survivors (7168K)
 Metaspace       used 103869K, committed 104640K, reserved 1146880K
  class space    used 13830K, committed 14208K, reserved 1048576K
}
Event: 58.864 GC heap after
{Heap after GC invocations=45 (full 0):
 garbage-first heap   total 208896K, used 135880K [0x0000000080000000, 0x0000000100000000)
  region size 1024K, 5 young (5120K), 5 survivors (5120K)
 Metaspace       used 103869K, committed 104640K, reserved 1146880K
  class space    used 13830K, committed 14208K, reserved 1048576K
}
Event: 60.607 GC heap before
{Heap before GC invocations=45 (full 0):
 garbage-first heap   total 208896K, used 168648K [0x0000000080000000, 0x0000000100000000)
  region size 1024K, 37 young (37888K), 5 survivors (5120K)
 Metaspace       used 105172K, committed 105920K, reserved 1146880K
  class space    used 13949K, committed 14336K, reserved 1048576K
}

