# JRE version: OpenJDK Runtime Environment (17.0.6) (build 17.0.6+0-b2043.56-10027231)
# Java VM: OpenJDK 64-Bit Server VM (17.0.6+0-b2043.56-10027231, mixed mode, tiered, compressed oops, compressed class ptrs, g1 gc, windows-amd64)
GC Precious Log:
 CPUs: 2 total, 2 available
 Memory: 11680M
 Large Page Support: Disabled
 NUMA Support: Disabled
 Compressed Oops: Enabled (32-bit)
 Heap Region Size: 1M
 Heap Min Capacity: 8M
 Heap Initial Capacity: 184M
 Heap Max Capacity: 2G
 Pre-touch: Disabled
 Parallel Workers: 2
 Concurrent Workers: 1
 Concurrent Refinement Workers: 2
 Periodic GC: Disabled
Heap:
 garbage-first heap   total 280576K, used 230839K [0x0000000080000000, 0x0000000100000000)
  region size 1024K, 119 young (121856K), 6 survivors (6144K)
 Metaspace       used 102161K, committed 102912K, reserved 1138688K
  class space    used 13694K, committed 14080K, reserved 1048576K
GC Heap History (20 events):
Event: 34.753 GC heap before
{Heap before GC invocations=49 (full 0):
 garbage-first heap   total 140288K, used 108186K [0x0000000080000000, 0x0000000100000000)
  region size 1024K, 40 young (40960K), 1 survivors (1024K)
 Metaspace       used 82362K, committed 82944K, reserved 1122304K
  class space    used 11116K, committed 11392K, reserved 1048576K
}
Event: 34.764 GC heap after
{Heap after GC invocations=50 (full 0):
 garbage-first heap   total 140288K, used 68873K [0x0000000080000000, 0x0000000100000000)
  region size 1024K, 3 young (3072K), 3 survivors (3072K)
 Metaspace       used 82362K, committed 82944K, reserved 1122304K
  class space    used 11116K, committed 11392K, reserved 1048576K
}
Event: 37.352 GC heap before
{Heap before GC invocations=50 (full 0):
 garbage-first heap   total 140288K, used 109833K [0x0000000080000000, 0x0000000100000000)
  region size 1024K, 43 young (44032K), 3 survivors (3072K)
 Metaspace       used 86252K, committed 86912K, reserved 1130496K
  class space    used 11659K, committed 11968K, reserved 1048576K
}
Event: 37.371 GC heap after
{Heap after GC invocations=51 (full 0):
 garbage-first heap   total 140288K, used 72448K [0x0000000080000000, 0x0000000100000000)
  region size 1024K, 6 young (6144K), 6 survivors (6144K)
 Metaspace       used 86252K, committed 86912K, reserved 1130496K
  class space    used 11659K, committed 11968K, reserved 1048576K
}
Event: 39.860 GC heap before
{Heap before GC invocations=52 (full 0):
 garbage-first heap   total 140288K, used 111360K [0x0000000080000000, 0x0000000100000000)
  region size 1024K, 44 young (45056K), 6 survivors (6144K)
 Metaspace       used 91426K, committed 92096K, reserved 1130496K
  class space    used 12418K, committed 12736K, reserved 1048576K
}
Event: 39.896 GC heap after
{Heap after GC invocations=53 (full 0):
 garbage-first heap   total 140288K, used 75781K [0x0000000080000000, 0x0000000100000000)
  region size 1024K, 4 young (4096K), 4 survivors (4096K)
 Metaspace       used 91426K, committed 92096K, reserved 1130496K
  class space    used 12418K, committed 12736K, reserved 1048576K
}
Event: 41.523 GC heap before
{Heap before GC invocations=53 (full 0):
 garbage-first heap   total 140288K, used 112645K [0x0000000080000000, 0x0000000100000000)
  region size 1024K, 40 young (40960K), 4 survivors (4096K)
 Metaspace       used 93094K, committed 93824K, reserved 1130496K
  class space    used 12641K, committed 12992K, reserved 1048576K
}
Event: 41.542 GC heap after
{Heap after GC invocations=54 (full 0):
 garbage-first heap   total 140288K, used 80220K [0x0000000080000000, 0x0000000100000000)
  region size 1024K, 5 young (5120K), 5 survivors (5120K)
 Metaspace       used 93094K, committed 93824K, reserved 1130496K
  class space    used 12641K, committed 12992K, reserved 1048576K
}
Event: 42.570 GC heap before
{Heap before GC invocations=55 (full 0):
 garbage-first heap   total 140288K, used 112988K [0x0000000080000000, 0x0000000100000000)
  region size 1024K, 38 young (38912K), 5 survivors (5120K)
 Metaspace       used 93556K, committed 94208K, reserved 1130496K
  class space    used 12725K, committed 13056K, reserved 1048576K
}
Event: 42.598 GC heap after
{Heap after GC invocations=56 (full 0):
 garbage-first heap   total 140288K, used 85320K [0x0000000080000000, 0x0000000100000000)
  region size 1024K, 5 young (5120K), 5 survivors (5120K)
 Metaspace       used 93556K, committed 94208K, reserved 1130496K
  class space    used 12725K, committed 13056K, reserved 1048576K
}
Event: 44.626 GC heap before
{Heap before GC invocations=56 (full 0):
 garbage-first heap   total 140288K, used 112968K [0x0000000080000000, 0x0000000100000000)
  region size 1024K, 33 young (33792K), 5 survivors (5120K)
 Metaspace       used 94966K, committed 95616K, reserved 1138688K
  class space    used 12938K, committed 13248K, reserved 1048576K
}
Event: 44.655 GC heap after
{Heap after GC invocations=57 (full 0):
 garbage-first heap   total 280576K, used 88939K [0x0000000080000000, 0x0000000100000000)
  region size 1024K, 4 young (4096K), 4 survivors (4096K)
 Metaspace       used 94966K, committed 95616K, reserved 1138688K
  class space    used 12938K, committed 13248K, reserved 1048576K
}
Event: 50.889 GC heap before
{Heap before GC invocations=58 (full 0):
 garbage-first heap   total 280576K, used 212843K [0x0000000080000000, 0x0000000100000000)
  region size 1024K, 126 young (129024K), 4 survivors (4096K)
 Metaspace       used 96129K, committed 96832K, reserved 1138688K
  class space    used 13023K, committed 13312K, reserved 1048576K
}
Event: 50.933 GC heap after
{Heap after GC invocations=59 (full 0):
 garbage-first heap   total 280576K, used 97340K [0x0000000080000000, 0x0000000100000000)
  region size 1024K, 12 young (12288K), 12 survivors (12288K)
 Metaspace       used 96129K, committed 96832K, reserved 1138688K
  class space    used 13023K, committed 13312K, reserved 1048576K
}
Event: 50.950 GC heap before
{Heap before GC invocations=59 (full 0):
 garbage-first heap   total 280576K, used 97340K [0x0000000080000000, 0x0000000100000000)
  region size 1024K, 13 young (13312K), 12 survivors (12288K)
 Metaspace       used 96129K, committed 96832K, reserved 1138688K
  class space    used 13023K, committed 13312K, reserved 1048576K
}
Event: 50.983 GC heap after
{Heap after GC invocations=60 (full 0):
 garbage-first heap   total 280576K, used 97762K [0x0000000080000000, 0x0000000100000000)
  region size 1024K, 1 young (1024K), 1 survivors (1024K)
 Metaspace       used 96129K, committed 96832K, reserved 1138688K
  class space    used 13023K, committed 13312K, reserved 1048576K
}
Event: 55.351 GC heap before
{Heap before GC invocations=60 (full 0):
 garbage-first heap   total 280576K, used 202210K [0x0000000080000000, 0x0000000100000000)
  region size 1024K, 74 young (75776K), 1 survivors (1024K)
 Metaspace       used 100111K, committed 100864K, reserved 1138688K
  class space    used 13469K, committed 13824K, reserved 1048576K
}
Event: 55.372 GC heap after
{Heap after GC invocations=61 (full 0):
 garbage-first heap   total 280576K, used 104898K [0x0000000080000000, 0x0000000100000000)
  region size 1024K, 6 young (6144K), 6 survivors (6144K)
 Metaspace       used 100111K, committed 100864K, reserved 1138688K
  class space    used 13469K, committed 13824K, reserved 1048576K
}
Event: 55.381 GC heap before
{Heap before GC invocations=61 (full 0):
 garbage-first heap   total 280576K, used 106946K [0x0000000080000000, 0x0000000100000000)
  region size 1024K, 7 young (7168K), 6 survivors (6144K)
 Metaspace       used 100112K, committed 100864K, reserved 1138688K
  class space    used 13469K, committed 13824K, reserved 1048576K
}
Event: 55.395 GC heap after
{Heap after GC invocations=62 (full 0):
 garbage-first heap   total 280576K, used 104887K [0x0000000080000000, 0x0000000100000000)
  region size 1024K, 6 young (6144K), 6 survivors (6144K)
 Metaspace       used 100112K, committed 100864K, reserved 1138688K
  class space    used 13469K, committed 13824K, reserved 1048576K
}

